tables/catalog43/table44.html	РегистрБухгалтерии.Имя_регистра_бухгалтерии_(AccountingRegister.Имя_регистра_бухгалтерии)-2.md
tables/catalog43/table45.html	РегистрБухгалтерии.Имя_регистра_бухгалтерии.Субконто_(AccountingRegister.Имя_регистра_бухгалтерии.ExtDimensions)-2.md
tables/catalog43/table46.html	РегистрБухгалтерии.Имя_регистра_бухгалтерии.ДвиженияССубконто_(AccountingRegister.Имя_регистра_бухгалтерии.RecordsWithExtDimensions)-2.md
tables/catalog43/table47.html	РегистрБухгалтерии.Имя_регистра_бухгалтерии.Остатки_(AccountingRegister.Имя_регистра_бухгалтерии.Balance)-2.md
tables/catalog43/table48.html	РегистрБухгалтерии.Имя_регистра_бухгалтерии.Обороты_(AccountingRegister.Имя_регистра_бухгалтерии.Turnovers)-2.md
tables/catalog43/table49.html	РегистрБухгалтерии.Имя_регистра_бухгалтерии.ОстаткиИОбороты_(AccountingRegister.Имя_регистра_бухгалтерии.BalanceAndTurnovers)-2.md
tables/table6/fields/field588.html	Имя_общего_реквизита_(Common_attribute_name)-2.md
tables/table6/fields/Parent40.html	Родитель_(Parent)-2.md
tables/table6/fields/Presentation36.html	Представление_(Presentation)-2.md
tables/table6/fields/Ref38.html	Ссылка_(Ref)-2.md
tables/table58/fields/DataVersion652.html	ВерсияДанных_(DataVersion)-2.md
tables/table58/fields/DeletionMark433.html	ПометкаУдаления_(DeletionMark)-2.md
tables/table58/fields/field436.html	Имя_реквизита-2.md
tables/table58/fields/field438.html	Имя_табличной_части-2.md
tables/table58/fields/field593.html	Имя_общего_реквизита_(Common_attribute_name)-3.md
tables/table58/fields/Presentation464.html	Представление_(Presentation)-3.md
tables/table58/fields/Ref432.html	Ссылка_(Ref)-3.md
tables/table57/fields/Ref430.html	Ссылка_(Ref)-4.md
tables/table56/fields/Order429.html	Порядок_(Order)-2.md
tables/table56/fields/Ref428.html	Ссылка_(Ref)-5.md
tables/table55/fields/Code417.html	Код_(Code)-2.md
tables/table55/fields/DataVersion672.html	ВерсияДанных_(DataVersion)-3.md
tables/table55/fields/DeletionMark420.html	ПометкаУдаления_(DeletionMark)-3.md
tables/table55/fields/Description418.html	Наименование_(Description)-2.md
tables/table55/fields/field412.html	Имя_реквизита-3.md
tables/table55/fields/field413.html	Имя_табличной_части-3.md
tables/table55/fields/field587.html	Имя_общего_реквизита_(Common_attribute_name)-4.md
tables/table55/fields/Presentation422.html	Представление_(Presentation)-4.md
tables/table55/fields/Ref423.html	Ссылка_(Ref)-6.md
tables/table50/fields/Ref324.html	Ссылка_(Ref)-7.md
tables/table5/fields/DataVersion650.html	ВерсияДанных_(DataVersion)-4.md
tables/table5/fields/Date26.html	Дата_(Date)-2.md
tables/table5/fields/DeletionMark24.html	ПометкаУдаления_(DeletionMark)-4.md
tables/table5/fields/field29.html	Имя_реквизита-4.md
tables/table5/fields/field30.html	Имя_табличной_части-4.md
tables/table5/fields/field589.html	Имя_общего_реквизита_(Common_attribute_name)-5.md
tables/table5/fields/Number25.html	Номер_(Number)-2.md
tables/table5/fields/Presentation28.html	Представление_(Presentation)-5.md
tables/table5/fields/Ref23.html	Ссылка_(Ref)-8.md
tables/table28/fields/Code139.html	Код_(Code)-3.md
tables/table28/fields/DeletionMark137.html	ПометкаУдаления_(DeletionMark)-5.md
tables/table28/fields/Description140.html	Наименование_(Description)-3.md
tables/table28/fields/field143.html	Имя_реквизита-5.md
tables/table28/fields/field149.html	Имя_табличной_части-5.md
tables/table28/fields/field592.html	Имя_общего_реквизита_(Common_attribute_name)-6.md
tables/table28/fields/Predefined144.html	Предопределенный_(Predefined)-2.md
tables/table28/fields/PredefinedDataName658.html	ИмяПредопределенныхДанных_(PredefinedDataName)-2.md
tables/table28/fields/Presentation142.html	Представление_(Presentation)-6.md
tables/table28/fields/Ref136.html	Ссылка_(Ref)-9.md
tables/table27/fields/Code132.html	Код_(Code)-4.md
tables/table27/fields/DataVersion649.html	ВерсияДанных_(DataVersion)-5.md
tables/table27/fields/DeletionMark129.html	ПометкаУдаления_(DeletionMark)-6.md
tables/table27/fields/Description133.html	Наименование_(Description)-4.md
tables/table27/fields/field138.html	Имя_реквизита-6.md
tables/table27/fields/field141.html	Имя_табличной_части-6.md
tables/table27/fields/field591.html	Имя_общего_реквизита_(Common_attribute_name)-7.md
tables/table27/fields/Order426.html	Порядок_(Order)-3.md
tables/table27/fields/Parent131.html	Родитель_(Parent)-3.md
tables/table27/fields/Predefined130.html	Предопределенный_(Predefined)-3.md
tables/table27/fields/PredefinedDataName657.html	ИмяПредопределенныхДанных_(PredefinedDataName)-3.md
tables/table27/fields/Presentation427.html	Представление_(Presentation)-7.md
tables/table27/fields/Ref128.html	Ссылка_(Ref)-10.md
tables/table25/fields/Code120.html	Код_(Code)-5.md
tables/table25/fields/DataVersion651.html	ВерсияДанных_(DataVersion)-6.md
tables/table25/fields/DeletionMark119.html	ПометкаУдаления_(DeletionMark)-7.md
tables/table25/fields/Description121.html	Наименование_(Description)-5.md
tables/table25/fields/field126.html	Имя_реквизита-7.md
tables/table25/fields/field127.html	Имя_табличной_части-7.md
tables/table25/fields/field590.html	Имя_общего_реквизита_(Common_attribute_name)-8.md
tables/table25/fields/IsFolder125.html	ЭтоГруппа_(IsFolder)-2.md
tables/table25/fields/Parent124.html	Родитель_(Parent)-4.md
tables/table25/fields/Predefined122.html	Предопределенный_(Predefined)-4.md
tables/table25/fields/PredefinedDataName656.html	ИмяПредопределенныхДанных_(PredefinedDataName)-4.md
tables/table25/fields/Presentation467.html	Представление_(Presentation)-8.md
tables/table25/fields/Ref118.html	Ссылка_(Ref)-11.md
tables/table10/fields/Date56.html	Дата_(Date)-3.md
tables/table10/fields/DeletionMark54.html	ПометкаУдаления_(DeletionMark)-8.md
tables/table10/fields/field600.html	Имя_общего_реквизита_(Common_attribute_name)-9.md
tables/table10/fields/Number55.html	Номер_(Number)-3.md
tables/table10/fields/Posted57.html	Проведен_(Posted)-2.md
tables/table10/fields/Ref53.html	Ссылка_(Ref)-12.md
tables/catalog82/table79/fields/field632.html	Имя_поля-2.md
tables/catalog82/table79/fields/Presentation639.html	Представление_(Presentation)-9.md
tables/catalog82/table79/fields/Ref641.html	Ссылка_(Ref)-13.md
tables/catalog8/table9/fields/field42.html	Имя_измерения-2.md
tables/catalog8/table9/fields/field43.html	Имя_реквизита-8.md
tables/catalog8/table9/fields/field44.html	Имя_ресурса-2.md
tables/catalog8/table9/fields/field597.html	Имя_общего_реквизита_(Common_attribute_name)-10.md
tables/catalog8/table9/fields/PointInTime46.html	МоментВремени_(PointInTime)-2.md
tables/catalog8/table13/fields/field602.html	Имя_общего_реквизита_(Common_attribute_name)-11.md
tables/catalog8/table13/fields/field80.html	Имя_измерения-3.md
tables/catalog8/table12/fields/field603.html	Имя_общего_реквизита_(Common_attribute_name)-12.md
tables/catalog8/table12/fields/field71.html	Имя_измерения-4.md
tables/catalog8/table12/fields/LineNumber77.html	НомерСтроки_(LineNumber)-2.md
tables/catalog8/table12/fields/Period75.html	Период_(Period)-2.md
tables/catalog8/table12/fields/Recorder76.html	Регистратор_(Recorder)-2.md
tables/catalog8/table12/params/param15.html	Условие-2.md
tables/catalog8/table11/fields/DayPeriod471.html	ПериодДень_(DayPeriod)-2.md
tables/catalog8/table11/fields/field59.html	Имя_измерения-5.md
tables/catalog8/table11/fields/field601.html	Имя_общего_реквизита_(Common_attribute_name)-13.md
tables/catalog8/table11/fields/field61.html	Имя_ресурсаОборот_(Имя_ресурсаTurnover)-2.md
tables/catalog8/table11/fields/field69.html	Имя_ресурсаПриход_(Имя_ресурсаReceipt)-2.md
tables/catalog8/table11/fields/field70.html	Имя_ресурсаРасход_(Имя_ресурсаExpense)-2.md
tables/catalog8/table11/fields/HalfYearPeriod476.html	ПериодПолугодие_(HalfYearPeriod)-2.md
tables/catalog8/table11/fields/HourPeriod470.html	ПериодЧас_(HourPeriod)-2.md
tables/catalog8/table11/fields/LineNumber462.html	НомерСтроки_(LineNumber)-3.md
tables/catalog8/table11/fields/MinutePeriod469.html	ПериодМинута_(MinutePeriod)-2.md
tables/catalog8/table11/fields/MonthPeriod474.html	ПериодМесяц_(MonthPeriod)-2.md
tables/catalog8/table11/fields/Period65.html	Период_(Period)-3.md
tables/catalog8/table11/fields/QuarterPeriod475.html	ПериодКвартал_(QuarterPeriod)-2.md
tables/catalog8/table11/fields/Recorder68.html	Регистратор_(Recorder)-3.md
tables/catalog8/table11/fields/SecondPeriod468.html	ПериодСекунда_(SecondPeriod)-2.md
tables/catalog8/table11/fields/TenDaysPeriod473.html	ПериодДекада_(TenDaysPeriod)-2.md
tables/catalog8/table11/fields/WeekPeriod472.html	ПериодНеделя_(WeekPeriod)-2.md
tables/catalog8/table11/fields/YearPeriod477.html	ПериодГод_(YearPeriod)-2.md
tables/catalog8/table11/params/param5.html	Начало_периода-2.md
tables/catalog8/table11/params/param6.html	Конец_периода-2.md
tables/catalog8/table11/params/param7.html	Периодичность-2.md
tables/catalog8/table11/params/param8.html	Условие-3.md
tables/catalog63/table76/fields/field628.html	Имя_общего_реквизита_(Common_attribute_name)-14.md
tables/catalog63/table76/fields/MessageNo577.html	НомерСообщения_(MessageNo)-2.md
tables/catalog63/table76/fields/Node576.html	Узел_(Node)-2.md
tables/catalog63/table76/fields/Recorder578.html	Регистратор_(Recorder)-4.md
tables/catalog63/table75/fields/field626.html	Имя_общего_реквизита_(Common_attribute_name)-15.md
tables/catalog63/table75/fields/MessageNo574.html	НомерСообщения_(MessageNo)-3.md
tables/catalog63/table75/fields/Node573.html	Узел_(Node)-3.md
tables/catalog63/table75/fields/Recorder575.html	Регистратор_(Recorder)-5.md
tables/catalog63/table74/fields/field623.html	Имя_общего_реквизита_(Common_attribute_name)-16.md
tables/catalog63/table74/fields/MessageNo571.html	НомерСообщения_(MessageNo)-4.md
tables/catalog63/table74/fields/Node570.html	Узел_(Node)-4.md
tables/catalog63/table74/fields/Recorder572.html	Регистратор_(Recorder)-6.md
tables/catalog63/table73/fields/field569.html	Имя_измерения-6.md
tables/catalog63/table73/fields/MessageNo566.html	НомерСообщения_(MessageNo)-5.md
tables/catalog63/table73/fields/Node565.html	Узел_(Node)-5.md
tables/catalog63/table73/fields/Period568.html	Период_(Period)-4.md
tables/catalog63/table73/fields/Recorder567.html	Регистратор_(Recorder)-7.md
tables/catalog63/table72/fields/field624.html	Имя_общего_реквизита_(Common_attribute_name)-17.md
tables/catalog63/table72/fields/MessageNo563.html	НомерСообщения_(MessageNo)-6.md
tables/catalog63/table72/fields/Node562.html	Узел_(Node)-6.md
tables/catalog63/table72/fields/Recorder564.html	Регистратор_(Recorder)-8.md
tables/catalog63/table71/fields/field627.html	Имя_общего_реквизита_(Common_attribute_name)-18.md
tables/catalog63/table71/fields/MessageNo560.html	НомерСообщения_(MessageNo)-7.md
tables/catalog63/table71/fields/Node559.html	Узел_(Node)-7.md
tables/catalog63/table71/fields/Ref561.html	Ссылка_(Ref)-14.md
tables/catalog63/table70/fields/field630.html	Имя_общего_реквизита_(Common_attribute_name)-19.md
tables/catalog63/table70/fields/MessageNo557.html	НомерСообщения_(MessageNo)-8.md
tables/catalog63/table70/fields/Node556.html	Узел_(Node)-8.md
tables/catalog63/table70/fields/Ref558.html	Ссылка_(Ref)-15.md
tables/catalog63/table69/fields/field629.html	Имя_общего_реквизита_(Common_attribute_name)-20.md
tables/catalog63/table69/fields/MessageNo554.html	НомерСообщения_(MessageNo)-9.md
tables/catalog63/table69/fields/Node553.html	Узел_(Node)-9.md
tables/catalog63/table69/fields/Ref555.html	Ссылка_(Ref)-16.md
tables/catalog63/table68/fields/field625.html	Имя_общего_реквизита_(Common_attribute_name)-21.md
tables/catalog63/table68/fields/MessageNo551.html	НомерСообщения_(MessageNo)-10.md
tables/catalog63/table68/fields/Node550.html	Узел_(Node)-10.md
tables/catalog63/table68/fields/Ref552.html	Ссылка_(Ref)-17.md
tables/catalog63/table67/fields/field622.html	Имя_общего_реквизита_(Common_attribute_name)-22.md
tables/catalog63/table67/fields/MessageNo548.html	НомерСообщения_(MessageNo)-11.md
tables/catalog63/table67/fields/Node547.html	Узел_(Node)-11.md
tables/catalog63/table67/fields/Ref549.html	Ссылка_(Ref)-18.md
tables/catalog63/table66/fields/field621.html	Имя_общего_реквизита_(Common_attribute_name)-23.md
tables/catalog63/table66/fields/MessageNo545.html	НомерСообщения_(MessageNo)-12.md
tables/catalog63/table66/fields/Node544.html	Узел_(Node)-12.md
tables/catalog63/table66/fields/Ref546.html	Ссылка_(Ref)-19.md
tables/catalog63/table65/fields/field620.html	Имя_общего_реквизита_(Common_attribute_name)-24.md
tables/catalog63/table65/fields/MessageNo542.html	НомерСообщения_(MessageNo)-13.md
tables/catalog63/table65/fields/Node541.html	Узел_(Node)-13.md
tables/catalog63/table65/fields/Ref543.html	Ссылка_(Ref)-20.md
tables/catalog63/table64/fields/field583.html	Имя_общего_реквизита_(Common_attribute_name)-25.md
tables/catalog63/table64/fields/MessageNo539.html	НомерСообщения_(MessageNo)-14.md
tables/catalog63/table64/fields/Node538.html	Узел_(Node)-14.md
tables/catalog59/table62/fields/Date454.html	Дата_(Date)-4.md
tables/catalog59/table62/fields/DeletionMark452.html	ПометкаУдаления_(DeletionMark)-9.md
tables/catalog59/table62/fields/Description461.html	Наименование_(Description)-6.md
tables/catalog59/table62/fields/field456.html	Имя_реквизита-9.md
tables/catalog59/table62/fields/field457.html	Имя_табличной_части-8.md
tables/catalog59/table62/fields/Number453.html	Номер_(Number)-4.md
tables/catalog59/table62/fields/Presentation466.html	Представление_(Presentation)-10.md
tables/catalog59/table62/fields/Ref451.html	Ссылка_(Ref)-21.md
tables/catalog59/table62/params/param78.html	Условие-4.md
tables/catalog59/table60/fields/BusinessProcess444.html	БизнесПроцесс_(BusinessProcess)-2.md
tables/catalog59/table60/fields/DataVersion654.html	ВерсияДанных_(DataVersion)-7.md
tables/catalog59/table60/fields/Date443.html	Дата_(Date)-5.md
tables/catalog59/table60/fields/DeletionMark441.html	ПометкаУдаления_(DeletionMark)-10.md
tables/catalog59/table60/fields/Description447.html	Наименование_(Description)-7.md
tables/catalog59/table60/fields/Executed446.html	Выполнена_(Executed)-2.md
tables/catalog59/table60/fields/field448.html	Имя_реквизита-10.md
tables/catalog59/table60/fields/field449.html	Имя_табличной_части-9.md
tables/catalog59/table60/fields/field450.html	Имя_реквизита_адресации-2.md
tables/catalog59/table60/fields/field619.html	Имя_общего_реквизита_(Common_attribute_name)-26.md
tables/catalog59/table60/fields/Number442.html	Номер_(Number)-5.md
tables/catalog59/table60/fields/Presentation465.html	Представление_(Presentation)-11.md
tables/catalog59/table60/fields/Ref440.html	Ссылка_(Ref)-22.md
tables/catalog59/table60/fields/RoutePoint445.html	ТочкаМаршрута_(RoutePoint)-2.md
tables/catalog43/table49/fields/DayPeriod495.html	ПериодДень_(DayPeriod)-3.md
tables/catalog43/table49/fields/field309.html	Имя_измерения-7.md
tables/catalog43/table49/fields/field310.html	Имя_ресурсаОборот_(Имя_ресурсаTurnover)-3.md
tables/catalog43/table49/fields/field313.html	Имя_ресурсаКонечныйОстаток_(Имя_ресурсаClosingBalance)-2.md
tables/catalog43/table49/fields/field316.html	Имя_ресурсаНачальныйОстаток_(Имя_ресурсаOpeningBalance)-2.md
tables/catalog43/table49/fields/field614.html	Имя_общего_реквизита_(Common_attribute_name)-27.md
tables/catalog43/table49/fields/HalfYearPeriod525.html	ПериодПолугодие_(HalfYearPeriod)-3.md
tables/catalog43/table49/fields/HourPeriod537.html	ПериодЧас_(HourPeriod)-3.md
tables/catalog43/table49/fields/LineNumber319.html	НомерСтроки_(LineNumber)-4.md
tables/catalog43/table49/fields/MinutePeriod513.html	ПериодМинута_(MinutePeriod)-3.md
tables/catalog43/table49/fields/MonthPeriod507.html	ПериодМесяц_(MonthPeriod)-3.md
tables/catalog43/table49/fields/Period320.html	Период_(Period)-5.md
tables/catalog43/table49/fields/QuarterPeriod501.html	ПериодКвартал_(QuarterPeriod)-3.md
tables/catalog43/table49/fields/Recorder321.html	Регистратор_(Recorder)-9.md
tables/catalog43/table49/fields/SecondPeriod531.html	ПериодСекунда_(SecondPeriod)-3.md
tables/catalog43/table49/fields/TenDaysPeriod489.html	ПериодДекада_(TenDaysPeriod)-3.md
tables/catalog43/table49/fields/WeekPeriod519.html	ПериодНеделя_(WeekPeriod)-3.md
tables/catalog43/table49/fields/YearPeriod483.html	ПериодГод_(YearPeriod)-3.md
tables/catalog43/table49/params/param67.html	Начало_периода-3.md
tables/catalog43/table49/params/param68.html	Конец_периода-3.md
tables/catalog43/table49/params/param69.html	Периодичность-3.md
tables/catalog43/table49/params/param70.html	Метод_дополнения_периодов-2.md
tables/catalog43/table49/params/param73.html	Условие-5.md
tables/catalog43/table48/fields/Account308.html	Счет_(Account)-2.md
tables/catalog43/table48/fields/DayPeriod494.html	ПериодДень_(DayPeriod)-4.md
tables/catalog43/table48/fields/field298.html	Имя_измерения-8.md
tables/catalog43/table48/fields/field299.html	Имя_ресурсаОборот_(Имя_ресурсаTurnover)-4.md
tables/catalog43/table48/fields/field300.html	Имя_ресурсаОборотДт_(Имя_ресурсаTurnoverDr)-2.md
tables/catalog43/table48/fields/field301.html	Имя_ресурсаОборотКт_(Имя_ресурсаTurnoverCr)-2.md
tables/catalog43/table48/fields/field307.html	СубконтоНомер_субконто_(ExtDimensionНомер_субконто)-2.md
tables/catalog43/table48/fields/field613.html	Имя_общего_реквизита_(Common_attribute_name)-28.md
tables/catalog43/table48/fields/HalfYearPeriod524.html	ПериодПолугодие_(HalfYearPeriod)-4.md
tables/catalog43/table48/fields/HourPeriod536.html	ПериодЧас_(HourPeriod)-4.md
tables/catalog43/table48/fields/LineNumber304.html	НомерСтроки_(LineNumber)-5.md
tables/catalog43/table48/fields/MinutePeriod512.html	ПериодМинута_(MinutePeriod)-4.md
tables/catalog43/table48/fields/MonthPeriod506.html	ПериодМесяц_(MonthPeriod)-4.md
tables/catalog43/table48/fields/Period305.html	Период_(Period)-6.md
tables/catalog43/table48/fields/PeriodAdjustment666.html	УточнениеПериода_(PeriodAdjustment)-2.md
tables/catalog43/table48/fields/QuarterPeriod500.html	ПериодКвартал_(QuarterPeriod)-4.md
tables/catalog43/table48/fields/Recorder306.html	Регистратор_(Recorder)-10.md
tables/catalog43/table48/fields/SecondPeriod530.html	ПериодСекунда_(SecondPeriod)-4.md
tables/catalog43/table48/fields/TenDaysPeriod488.html	ПериодДекада_(TenDaysPeriod)-4.md
tables/catalog43/table48/fields/WeekPeriod518.html	ПериодНеделя_(WeekPeriod)-4.md
tables/catalog43/table48/fields/YearPeriod482.html	ПериодГод_(YearPeriod)-4.md
tables/catalog43/table48/params/param59.html	Начало_периода-4.md
tables/catalog43/table48/params/param60.html	Конец_периода-4.md
tables/catalog43/table48/params/param61.html	Периодичность-4.md
tables/catalog43/table48/params/param62.html	Условие_счета-2.md
tables/catalog43/table48/params/param63.html	Субконто-2.md
tables/catalog43/table48/params/param64.html	Условие-6.md
tables/catalog43/table47/fields/Account297.html	Счет_(Account)-3.md
tables/catalog43/table47/fields/field292.html	Имя_измерения-9.md
tables/catalog43/table47/fields/field293.html	Имя_ресурсаОстаток_(Имя_ресурсаBalance)-2.md
tables/catalog43/table47/fields/field296.html	СубконтоНомер_субконто_(ExtDimensionНомер_субконто)-3.md
tables/catalog43/table47/fields/field612.html	Имя_общего_реквизита_(Common_attribute_name)-29.md
tables/catalog43/table47/params/param55.html	Период-2.md
tables/catalog43/table47/params/param56.html	Условие_счета-3.md
tables/catalog43/table47/params/param57.html	Субконто-3.md
tables/catalog43/table47/params/param58.html	Условие-7.md
tables/catalog43/table46/fields/Account290.html	Счет_(Account)-4.md
tables/catalog43/table46/fields/Active281.html	Активность_(Active)-2.md
tables/catalog43/table46/fields/field278.html	Имя_измерения-10.md
tables/catalog43/table46/fields/field279.html	Имя_реквизита-11.md
tables/catalog43/table46/fields/field280.html	Имя_ресурса-3.md
tables/catalog43/table46/fields/field288.html	СубконтоНомер_субконто_(ExtDimensionНомер_субконто)-4.md
tables/catalog43/table46/fields/field611.html	Имя_общего_реквизита_(Common_attribute_name)-30.md
tables/catalog43/table46/fields/LineNumber285.html	НомерСтроки_(LineNumber)-6.md
tables/catalog43/table46/fields/Period286.html	Период_(Period)-7.md
tables/catalog43/table46/fields/PeriodAdjustment670.html	УточнениеПериода_(PeriodAdjustment)-3.md
tables/catalog43/table46/fields/PointInTime284.html	МоментВремени_(PointInTime)-3.md
tables/catalog43/table46/fields/Recorder287.html	Регистратор_(Recorder)-11.md
tables/catalog43/table46/params/param52.html	Начало_периода-5.md
tables/catalog43/table46/params/param53.html	Конец_периода-5.md
tables/catalog43/table46/params/param54.html	Условие-8.md
tables/catalog43/table45/fields/LineNumber275.html	НомерСтроки_(LineNumber)-7.md
tables/catalog43/table45/fields/Period276.html	Период_(Period)-8.md
tables/catalog43/table45/fields/PeriodAdjustment668.html	УточнениеПериода_(PeriodAdjustment)-4.md
tables/catalog43/table45/fields/PointInTime274.html	МоментВремени_(PointInTime)-4.md
tables/catalog43/table45/fields/Recorder277.html	Регистратор_(Recorder)-12.md
tables/catalog43/table45/fields/Type271.html	Вид_(Type)-2.md
tables/catalog43/table45/fields/Value272.html	Значение_(Value)-2.md
tables/catalog43/table44/fields/Account269.html	Счет_(Account)-5.md
tables/catalog43/table44/fields/Active264.html	Активность_(Active)-3.md
tables/catalog43/table44/fields/field261.html	Имя_измерения-11.md
tables/catalog43/table44/fields/field262.html	Имя_реквизита-12.md
tables/catalog43/table44/fields/field263.html	Имя_ресурса-4.md
tables/catalog43/table44/fields/field610.html	Имя_общего_реквизита_(Common_attribute_name)-31.md
tables/catalog43/table44/fields/LineNumber266.html	НомерСтроки_(LineNumber)-8.md
tables/catalog43/table44/fields/Period267.html	Период_(Period)-9.md
tables/catalog43/table44/fields/PeriodAdjustment669.html	УточнениеПериода_(PeriodAdjustment)-5.md
tables/catalog43/table44/fields/PointInTime265.html	МоментВремени_(PointInTime)-5.md
tables/catalog43/table44/fields/Recorder268.html	Регистратор_(Recorder)-13.md
tables/catalog43/table44/fields/RecordType270.html	ВидДвижения_(RecordType)-2.md
tables/catalog36/table51/fields/DayPeriod493.html	ПериодДень_(DayPeriod)-5.md
tables/catalog36/table51/fields/field345.html	Имя_измерения-12.md
tables/catalog36/table51/fields/field348.html	Имя_ресурсаОборот_(Имя_ресурсаTurnover)-5.md
tables/catalog36/table51/fields/field349.html	Имя_ресурсаОборотДт_(Имя_ресурсаTurnoverDr)-3.md
tables/catalog36/table51/fields/field350.html	Имя_ресурсаОборотКт_(Имя_ресурсаTurnoverCr)-3.md
tables/catalog36/table51/fields/field609.html	Имя_общего_реквизита_(Common_attribute_name)-32.md
tables/catalog36/table51/fields/HalfYearPeriod523.html	ПериодПолугодие_(HalfYearPeriod)-5.md
tables/catalog36/table51/fields/HourPeriod535.html	ПериодЧас_(HourPeriod)-5.md
tables/catalog36/table51/fields/LineNumber340.html	НомерСтроки_(LineNumber)-9.md
tables/catalog36/table51/fields/MinutePeriod511.html	ПериодМинута_(MinutePeriod)-5.md
tables/catalog36/table51/fields/MonthPeriod505.html	ПериодМесяц_(MonthPeriod)-5.md
tables/catalog36/table51/fields/Period338.html	Период_(Period)-10.md
tables/catalog36/table51/fields/PeriodAdjustment660.html	УточнениеПериода_(PeriodAdjustment)-6.md
tables/catalog36/table51/fields/QuarterPeriod499.html	ПериодКвартал_(QuarterPeriod)-5.md
tables/catalog36/table51/fields/Recorder339.html	Регистратор_(Recorder)-14.md
tables/catalog36/table51/fields/SecondPeriod529.html	ПериодСекунда_(SecondPeriod)-5.md
tables/catalog36/table51/fields/TenDaysPeriod487.html	ПериодДекада_(TenDaysPeriod)-5.md
tables/catalog36/table51/fields/WeekPeriod517.html	ПериодНеделя_(WeekPeriod)-5.md
tables/catalog36/table51/fields/YearPeriod481.html	ПериодГод_(YearPeriod)-5.md
tables/catalog36/table51/params/param38.html	Начало_периода-6.md
tables/catalog36/table51/params/param39.html	Конец_периода-6.md
tables/catalog36/table51/params/param40.html	Периодичность-5.md
tables/catalog36/table51/params/param45.html	Условие-9.md
tables/catalog36/table42/fields/AccountCr221.html	СчетКт_(AccountCr)-2.md
tables/catalog36/table42/fields/AccountDr220.html	СчетДт_(AccountDr)-2.md
tables/catalog36/table42/fields/Active218.html	Активность_(Active)-4.md
tables/catalog36/table42/fields/field222.html	Имя_измерения-13.md
tables/catalog36/table42/fields/field223.html	Имя_ресурса-5.md
tables/catalog36/table42/fields/field224.html	Имя_реквизита-13.md
tables/catalog36/table42/fields/field225.html	СубконтоДтНомер_субконто_(ExtDimensionDrНомер_субконто)-2.md
tables/catalog36/table42/fields/field226.html	СубконтоКтНомер_субконто_(ExtDimensionCrНомер_субконто)-2.md
tables/catalog36/table42/fields/field329.html	Имя_измеренияДт_(Имя_измеренияDr)-2.md
tables/catalog36/table42/fields/field330.html	Имя_измеренияКт_(Имя_измеренияCr)-2.md
tables/catalog36/table42/fields/field605.html	Имя_общего_реквизита_(Common_attribute_name)-33.md
tables/catalog36/table42/fields/LineNumber217.html	НомерСтроки_(LineNumber)-10.md
tables/catalog36/table42/fields/Period215.html	Период_(Period)-11.md
tables/catalog36/table42/fields/PeriodAdjustment662.html	УточнениеПериода_(PeriodAdjustment)-7.md
tables/catalog36/table42/fields/PointInTime219.html	МоментВремени_(PointInTime)-6.md
tables/catalog36/table42/fields/Recorder216.html	Регистратор_(Recorder)-15.md
tables/catalog36/table42/params/param16.html	Начало_периода-7.md
tables/catalog36/table42/params/param17.html	Конец_периода-7.md
tables/catalog36/table42/params/param18.html	Условие-10.md
tables/catalog36/table42/params/param81.html	Порядок-2.md
tables/catalog36/table42/params/param82.html	Первые-2.md
tables/catalog36/table41/fields/Account249.html	Счет_(Account)-6.md
tables/catalog36/table41/fields/DayPeriod492.html	ПериодДень_(DayPeriod)-6.md
tables/catalog36/table41/fields/field250.html	СубконтоНомер_субконто_(ExtDimensionНомер_субконто)-5.md
tables/catalog36/table41/fields/field251.html	Имя_измерения-14.md
tables/catalog36/table41/fields/field252.html	Имя_ресурсаОборот_(Имя_ресурсаTurnover)-6.md
tables/catalog36/table41/fields/field253.html	Имя_ресурсаОборотДт_(Имя_ресурсаTurnoverDr)-4.md
tables/catalog36/table41/fields/field254.html	Имя_ресурсаОборотКт_(Имя_ресурсаTurnoverCr)-4.md
tables/catalog36/table41/fields/field255.html	Имя_ресурсаНачальныйОстаток_(Имя_ресурсаOpeningBalance)-3.md
tables/catalog36/table41/fields/field256.html	Имя_ресурсаНачальныйОстатокДт_(Имя_ресурсаOpeningBalanceDr)-2.md
tables/catalog36/table41/fields/field257.html	Имя_ресурсаНачальныйОстатокКт_(Имя_ресурсаOpeningBalanceCr)-2.md
tables/catalog36/table41/fields/field258.html	Имя_ресурсаКонечныйОстаток_(Имя_ресурсаClosingBalance)-3.md
tables/catalog36/table41/fields/field259.html	Имя_ресурсаКонечныйОстатокДт_(Имя_ресурсаClosingBalanceDr)-2.md
tables/catalog36/table41/fields/field260.html	Имя_ресурсаКонечныйОстатокКт_(Имя_ресурсаClosingBalanceCr)-2.md
tables/catalog36/table41/fields/field353.html	Имя_ресурсаНачальныйРазвернутыйОстатокДт_(Имя_ресурсаOpeningSplittedBalanceDr)-2.md
tables/catalog36/table41/fields/field354.html	Имя_ресурсаНачальныйРазвернутыйОстатокКт_(Имя_ресурсаOpeningSplittedBalanceCr)-2.md
tables/catalog36/table41/fields/field355.html	Имя_ресурсаКонечныйРазвернутыйОстатокДт_(Имя_ресурсаClosingSplittedBalanceDr)-2.md
tables/catalog36/table41/fields/field356.html	Имя_ресурсаКонечныйРазвернутыйОстатокКт_(Имя_ресурсаClosingSplittedBalanceCr)-2.md
tables/catalog36/table41/fields/field608.html	Имя_общего_реквизита_(Common_attribute_name)-34.md
tables/catalog36/table41/fields/HalfYearPeriod522.html	ПериодПолугодие_(HalfYearPeriod)-6.md
tables/catalog36/table41/fields/HourPeriod534.html	ПериодЧас_(HourPeriod)-6.md
tables/catalog36/table41/fields/LineNumber248.html	НомерСтроки_(LineNumber)-11.md
tables/catalog36/table41/fields/MinutePeriod510.html	ПериодМинута_(MinutePeriod)-6.md
tables/catalog36/table41/fields/MonthPeriod504.html	ПериодМесяц_(MonthPeriod)-6.md
tables/catalog36/table41/fields/Period246.html	Период_(Period)-12.md
tables/catalog36/table41/fields/PeriodAdjustment665.html	УточнениеПериода_(PeriodAdjustment)-8.md
tables/catalog36/table41/fields/QuarterPeriod498.html	ПериодКвартал_(QuarterPeriod)-6.md
tables/catalog36/table41/fields/Recorder247.html	Регистратор_(Recorder)-16.md
tables/catalog36/table41/fields/SecondPeriod528.html	ПериодСекунда_(SecondPeriod)-6.md
tables/catalog36/table41/fields/TenDaysPeriod486.html	ПериодДекада_(TenDaysPeriod)-6.md
tables/catalog36/table41/fields/WeekPeriod516.html	ПериодНеделя_(WeekPeriod)-6.md
tables/catalog36/table41/fields/YearPeriod480.html	ПериодГод_(YearPeriod)-6.md
tables/catalog36/table41/params/param31.html	Начало_периода-8.md
tables/catalog36/table41/params/param32.html	Конец_периода-8.md
tables/catalog36/table41/params/param33.html	Периодичность-6.md
tables/catalog36/table41/params/param34.html	Метод_дополнения_периодов-3.md
tables/catalog36/table41/params/param35.html	Условие_счета-4.md
tables/catalog36/table41/params/param36.html	Субконто-4.md
tables/catalog36/table41/params/param37.html	Условие-11.md
tables/catalog36/table40/fields/Account229.html	Счет_(Account)-7.md
tables/catalog36/table40/fields/field230.html	Имя_измерения-15.md
tables/catalog36/table40/fields/field231.html	Имя_ресурсаОстаток_(Имя_ресурсаBalance)-3.md
tables/catalog36/table40/fields/field232.html	Имя_ресурсаОстатокДт_(Имя_ресурсаBalanceDr)-2.md
tables/catalog36/table40/fields/field233.html	Имя_ресурсаОстатокКт_(Имя_ресурсаBalanceCr)-2.md
tables/catalog36/table40/fields/field234.html	СубконтоНомер_субконто_(ExtDimensionНомер_субконто)-6.md
tables/catalog36/table40/fields/field351.html	Имя_ресурсаРазвернутыйОстатокДт_(Имя_ресурсаSplittedBalanceDr)-2.md
tables/catalog36/table40/fields/field352.html	Имя_ресурсаРазвернутыйОстатокКт_(Имя_ресурсаSplittedBalanceCr)-2.md
tables/catalog36/table40/fields/field606.html	Имя_общего_реквизита_(Common_attribute_name)-35.md
tables/catalog36/table40/params/param19.html	Период-3.md
tables/catalog36/table40/params/param20.html	Условие_счета-5.md
tables/catalog36/table40/params/param21.html	Субконто-5.md
tables/catalog36/table40/params/param22.html	Условие-12.md
tables/catalog36/table39/fields/AccountCr183.html	СчетКт_(AccountCr)-3.md
tables/catalog36/table39/fields/AccountDr182.html	СчетДт_(AccountDr)-3.md
tables/catalog36/table39/fields/Active181.html	Активность_(Active)-5.md
tables/catalog36/table39/fields/field184.html	Имя_измерения-16.md
tables/catalog36/table39/fields/field185.html	Имя_ресурса-6.md
tables/catalog36/table39/fields/field186.html	Имя_реквизита-14.md
tables/catalog36/table39/fields/field325.html	Имя_измеренияДт_(Имя_измеренияDr)-3.md
tables/catalog36/table39/fields/field326.html	Имя_измеренияКт_(Имя_измеренияCr)-3.md
tables/catalog36/table39/fields/field327.html	Имя_ресурсаДт_(Имя_ресурсаDr)-2.md
tables/catalog36/table39/fields/field328.html	Имя_ресурсаКт_(Имя_ресурсаCr)-2.md
tables/catalog36/table39/fields/field604.html	Имя_общего_реквизита_(Common_attribute_name)-36.md
tables/catalog36/table39/fields/LineNumber180.html	НомерСтроки_(LineNumber)-12.md
tables/catalog36/table39/fields/Period178.html	Период_(Period)-13.md
tables/catalog36/table39/fields/PeriodAdjustment664.html	УточнениеПериода_(PeriodAdjustment)-9.md
tables/catalog36/table39/fields/PointInTime177.html	МоментВремени_(PointInTime)-7.md
tables/catalog36/table39/fields/Recorder179.html	Регистратор_(Recorder)-17.md
tables/catalog36/table38/fields/Account238.html	Счет_(Account)-8.md
tables/catalog36/table38/fields/BalancedAccount241.html	КорСчет_(BalancedAccount)-2.md
tables/catalog36/table38/fields/DayPeriod491.html	ПериодДень_(DayPeriod)-7.md
tables/catalog36/table38/fields/field239.html	СубконтоНомер_субконто_(ExtDimensionНомер_субконто)-7.md
tables/catalog36/table38/fields/field240.html	Имя_измерения-17.md
tables/catalog36/table38/fields/field242.html	КорСубконтоНомер_субконто_(BalancedExtDimensionНомер_субконто)-2.md
tables/catalog36/table38/fields/field243.html	Имя_ресурсаОборот_(Имя_ресурсаTurnover)-7.md
tables/catalog36/table38/fields/field244.html	Имя_ресурсаОборотДт_(Имя_ресурсаTurnoverDr)-5.md
tables/catalog36/table38/fields/field245.html	Имя_ресурсаОборотКт_(Имя_ресурсаTurnoverCr)-5.md
tables/catalog36/table38/fields/field607.html	Имя_общего_реквизита_(Common_attribute_name)-37.md
tables/catalog36/table38/fields/HalfYearPeriod521.html	ПериодПолугодие_(HalfYearPeriod)-7.md
tables/catalog36/table38/fields/HourPeriod533.html	ПериодЧас_(HourPeriod)-7.md
tables/catalog36/table38/fields/LineNumber237.html	НомерСтроки_(LineNumber)-13.md
tables/catalog36/table38/fields/MinutePeriod509.html	ПериодМинута_(MinutePeriod)-7.md
tables/catalog36/table38/fields/MonthPeriod503.html	ПериодМесяц_(MonthPeriod)-7.md
tables/catalog36/table38/fields/Period235.html	Период_(Period)-14.md
tables/catalog36/table38/fields/PeriodAdjustment663.html	УточнениеПериода_(PeriodAdjustment)-10.md
tables/catalog36/table38/fields/QuarterPeriod497.html	ПериодКвартал_(QuarterPeriod)-7.md
tables/catalog36/table38/fields/Recorder236.html	Регистратор_(Recorder)-18.md
tables/catalog36/table38/fields/SecondPeriod527.html	ПериодСекунда_(SecondPeriod)-7.md
tables/catalog36/table38/fields/TenDaysPeriod485.html	ПериодДекада_(TenDaysPeriod)-7.md
tables/catalog36/table38/fields/WeekPeriod515.html	ПериодНеделя_(WeekPeriod)-7.md
tables/catalog36/table38/fields/YearPeriod479.html	ПериодГод_(YearPeriod)-7.md
tables/catalog36/table38/params/param23.html	Начало_периода-9.md
tables/catalog36/table38/params/param24.html	Конец_периода-9.md
tables/catalog36/table38/params/param25.html	Периодичность-7.md
tables/catalog36/table38/params/param26.html	Условие_счета-6.md
tables/catalog36/table38/params/param27.html	Субконто-6.md
tables/catalog36/table38/params/param28.html	Условие-13.md
tables/catalog36/table37/fields/LineNumber190.html	НомерСтроки_(LineNumber)-14.md
tables/catalog36/table37/fields/Period188.html	Период_(Period)-15.md
tables/catalog36/table37/fields/PeriodAdjustment661.html	УточнениеПериода_(PeriodAdjustment)-11.md
tables/catalog36/table37/fields/PointInTime187.html	МоментВремени_(PointInTime)-8.md
tables/catalog36/table37/fields/Recorder189.html	Регистратор_(Recorder)-19.md
tables/catalog36/table37/fields/RecordType192.html	ВидДвижения_(RecordType)-3.md
tables/catalog36/table37/fields/Type193.html	Вид_(Type)-3.md
tables/catalog36/table37/fields/Value194.html	Значение_(Value)-3.md
tables/catalog31/table54/fields/Active399.html	Активность_(Active)-6.md
tables/catalog31/table54/fields/field396.html	Имя_измерения-18.md
tables/catalog31/table54/fields/field397.html	Имя_реквизита-15.md
tables/catalog31/table54/fields/field398.html	Имя_ресурса-7.md
tables/catalog31/table54/fields/field618.html	Имя_общего_реквизита_(Common_attribute_name)-38.md
tables/catalog31/table54/fields/LineNumber403.html	НомерСтроки_(LineNumber)-15.md
tables/catalog31/table54/fields/Recorder408.html	Регистратор_(Recorder)-20.md
tables/catalog31/table54/params/param51.html	Условие-14.md
tables/catalog31/table53/fields/ActionPeriod386.html	ПериодДействия_(ActionPeriod)-2.md
tables/catalog31/table53/fields/Active381.html	Активность_(Active)-7.md
tables/catalog31/table53/fields/BegOfBasePeriod382.html	БазовыйПериодНачало_(BegOfBasePeriod)-2.md
tables/catalog31/table53/fields/CalculationType384.html	ВидРасчета_(CalculationType)-2.md
tables/catalog31/table53/fields/EndOfActionPeriod388.html	ПериодДействияКонец_(EndOfActionPeriod)-2.md
tables/catalog31/table53/fields/EndOfBasePeriod383.html	БазовыйПериодКонец_(EndOfBasePeriod)-2.md
tables/catalog31/table53/fields/field378.html	Имя_измерения-19.md
tables/catalog31/table53/fields/field379.html	Имя_реквизита-16.md
tables/catalog31/table53/fields/field380.html	Имя_ресурса-8.md
tables/catalog31/table53/fields/field617.html	Имя_общего_реквизита_(Common_attribute_name)-39.md
tables/catalog31/table53/fields/LineNumber385.html	НомерСтроки_(LineNumber)-16.md
tables/catalog31/table53/fields/Recorder390.html	Регистратор_(Recorder)-21.md
tables/catalog31/table53/fields/RegistrationPeriod389.html	ПериодРегистрации_(RegistrationPeriod)-2.md
tables/catalog31/table53/fields/ReversingEntry391.html	Сторно_(ReversingEntry)-2.md
tables/catalog31/table53/params/param47.html	Условие-15.md
tables/catalog31/table52/fields/ActionPeriod372.html	ПериодДействия_(ActionPeriod)-3.md
tables/catalog31/table52/fields/Active367.html	Активность_(Active)-8.md
tables/catalog31/table52/fields/BegOfActionPeriod373.html	ПериодДействияНачало_(BegOfActionPeriod)-2.md
tables/catalog31/table52/fields/BegOfBasePeriod368.html	БазовыйПериодНачало_(BegOfBasePeriod)-3.md
tables/catalog31/table52/fields/CalculationType370.html	ВидРасчета_(CalculationType)-3.md
tables/catalog31/table52/fields/EndOfActionPeriod374.html	ПериодДействияКонец_(EndOfActionPeriod)-3.md
tables/catalog31/table52/fields/EndOfBasePeriod369.html	БазовыйПериодКонец_(EndOfBasePeriod)-3.md
tables/catalog31/table52/fields/field364.html	Имя_измерения-20.md
tables/catalog31/table52/fields/field365.html	Имя_реквизита-17.md
tables/catalog31/table52/fields/field366.html	Имя_ресурса-9.md
tables/catalog31/table52/fields/field616.html	Имя_общего_реквизита_(Common_attribute_name)-40.md
tables/catalog31/table52/fields/LineNumber371.html	НомерСтроки_(LineNumber)-17.md
tables/catalog31/table52/fields/Recorder376.html	Регистратор_(Recorder)-22.md
tables/catalog31/table52/fields/RegistrationPeriod375.html	ПериодРегистрации_(RegistrationPeriod)-3.md
tables/catalog31/table52/fields/ReversingEntry377.html	Сторно_(ReversingEntry)-3.md
tables/catalog31/table52/params/param46.html	Условие-16.md
tables/catalog31/table35/fields/CalculationType175.html	ВидРасчета_(CalculationType)-4.md
tables/catalog31/table35/fields/field176.html	Имя_измерения-21.md
tables/catalog31/table35/fields/RecalculationObject174.html	ОбъектПерерасчета_(RecalculationObject)-2.md
tables/catalog31/table32/fields/ActionPeriod154.html	ПериодДействия_(ActionPeriod)-4.md
tables/catalog31/table32/fields/Active165.html	Активность_(Active)-9.md
tables/catalog31/table32/fields/BegOfActionPeriod161.html	ПериодДействияНачало_(BegOfActionPeriod)-3.md
tables/catalog31/table32/fields/BegOfBasePeriod163.html	БазовыйПериодНачало_(BegOfBasePeriod)-4.md
tables/catalog31/table32/fields/CalculationType160.html	ВидРасчета_(CalculationType)-5.md
tables/catalog31/table32/fields/DataVersion653.html	ВерсияДанных_(DataVersion)-8.md
tables/catalog31/table32/fields/EndOfActionPeriod162.html	ПериодДействияКонец_(EndOfActionPeriod)-4.md
tables/catalog31/table32/fields/EndOfBasePeriod164.html	БазовыйПериодКонец_(EndOfBasePeriod)-4.md
tables/catalog31/table32/fields/field167.html	Имя_измерения-22.md
tables/catalog31/table32/fields/field168.html	Имя_ресурса-10.md
tables/catalog31/table32/fields/field169.html	Имя_реквизита-18.md
tables/catalog31/table32/fields/field615.html	Имя_общего_реквизита_(Common_attribute_name)-41.md
tables/catalog31/table32/fields/LineNumber157.html	НомерСтроки_(LineNumber)-18.md
tables/catalog31/table32/fields/Recorder156.html	Регистратор_(Recorder)-23.md
tables/catalog31/table32/fields/RegistrationPeriod152.html	ПериодРегистрации_(RegistrationPeriod)-4.md
tables/catalog31/table32/fields/ReversingEntry166.html	Сторно_(ReversingEntry)-4.md
tables/catalog15/table17/fields/field599.html	Имя_общего_реквизита_(Common_attribute_name)-42.md
tables/catalog15/table17/fields/field95.html	Имя_измерения-23.md
tables/catalog15/table17/fields/Period98.html	Период_(Period)-16.md
tables/catalog15/table17/fields/PointInTime96.html	МоментВремени_(PointInTime)-9.md
tables/catalog15/table17/fields/Recorder99.html	Регистратор_(Recorder)-24.md
tables/catalog15/table16/fields/field598.html	Имя_общего_реквизита_(Common_attribute_name)-43.md
tables/catalog15/table16/fields/field85.html	Имя_измерения-24.md
tables/catalog15/table16/fields/Period91.html	Период_(Period)-17.md
tables/catalog15/table16/fields/PointInTime89.html	МоментВремени_(PointInTime)-10.md
tables/catalog15/table16/fields/Recorder94.html	Регистратор_(Recorder)-25.md
tables/catalog1/table4/fields/Active22.html	Активность_(Active)-10.md
tables/catalog1/table4/fields/field15.html	Имя_измерения-25.md
tables/catalog1/table4/fields/field16.html	Имя_ресурса-11.md
tables/catalog1/table4/fields/field17.html	Имя_реквизита-19.md
tables/catalog1/table4/fields/field596.html	Имя_общего_реквизита_(Common_attribute_name)-44.md
tables/catalog1/table4/fields/LineNumber21.html	НомерСтроки_(LineNumber)-19.md
tables/catalog1/table4/fields/Period13.html	Период_(Period)-18.md
tables/catalog1/table4/fields/Recorder14.html	Регистратор_(Recorder)-26.md
tables/catalog1/table4/params/param3.html	Период-4.md
tables/catalog1/table4/params/param4.html	Условие-17.md
tables/catalog1/table3/fields/Active20.html	Активность_(Active)-11.md
tables/catalog1/table3/fields/field10.html	Имя_измерения-26.md
tables/catalog1/table3/fields/field11.html	Имя_ресурса-12.md
tables/catalog1/table3/fields/field12.html	Имя_реквизита-20.md
tables/catalog1/table3/fields/field595.html	Имя_общего_реквизита_(Common_attribute_name)-45.md
tables/catalog1/table3/fields/LineNumber19.html	НомерСтроки_(LineNumber)-20.md
tables/catalog1/table3/fields/Period8.html	Период_(Period)-19.md
tables/catalog1/table3/fields/Recorder9.html	Регистратор_(Recorder)-27.md
tables/catalog1/table3/params/param1.html	Период-5.md
tables/catalog1/table3/params/param2.html	Условие-18.md
tables/catalog1/table2/fields/Active4.html	Активность_(Active)-12.md
tables/catalog1/table2/fields/field5.html	Имя_измерения-27.md
tables/catalog1/table2/fields/field594.html	Имя_общего_реквизита_(Common_attribute_name)-46.md
tables/catalog1/table2/fields/field6.html	Имя_ресурса-13.md
tables/catalog1/table2/fields/field7.html	Имя_реквизита-21.md
tables/catalog1/table2/fields/LineNumber3.html	НомерСтроки_(LineNumber)-21.md
tables/catalog1/table2/fields/Period1.html	Период_(Period)-20.md
tables/catalog1/table2/fields/PointInTime18.html	МоментВремени_(PointInTime)-11.md
tables/catalog1/table2/fields/Recorder2.html	Регистратор_(Recorder)-28.md
objects/catalog2/catalog2577.html	Администрирование_сервера_1СПредприятия-2.md
objects/catalog2/catalog691.html	Планы_обмена-2.md
objects/catalog213/catalog2171.html	Схема_запроса-2.md
objects/catalog63/catalog1015.html	XDTO-2.md
objects/catalog63/catalog1031.html	Web-сервисы-2.md
objects/catalog63/catalog1055.html	DOM-2.md
objects/catalog63/catalog1064.html	Система_компоновки_данных-2.md
objects/catalog63/catalog1482.html	Фоновые_задания-2.md
objects/catalog63/catalog1902.html	Журнал_регистрации-2.md
objects/catalog63/catalog1925.html	Криптография-2.md
objects/catalog63/catalog1934.html	Форматированный_документ-2.md
objects/catalog63/catalog2032.html	Автоматизированное_тестирование-2.md
objects/catalog63/catalog2113.html	Пакет_отображаемых_документов-2.md
objects/catalog63/catalog2121.html	Мультимедиа-2.md
objects/catalog63/catalog2129.html	Контакты_и_календари-2.md
objects/catalog63/catalog2174.html	Телефония-2.md
objects/catalog63/catalog2269.html	Планировщик-2.md
objects/catalog63/catalog2298.html	JSON-2.md
objects/catalog63/catalog2329.html	Доставляемые_уведомления-2.md
objects/catalog63/catalog2358.html	Реклама-2.md
objects/catalog63/catalog2360.html	Встроенные_покупки-2.md
objects/catalog63/catalog2375.html	Работа_с_двоичными_данными-2.md
objects/catalog63/catalog2438.html	История_данных-2.md
objects/catalog63/catalog2442.html	Почта-2.md
objects/catalog63/catalog2454.html	Система_взаимодействия-2.md
objects/catalog63/catalog2516.html	Агент_клиентского_приложения-2.md
objects/catalog63/catalog2553.html	Копии_базы_данных-2.md
objects/catalog63/catalog2657.html	Работа_с_PDF-2.md
objects/catalog63/catalog2687.html	Биометрия-2.md
objects/catalog63/catalog2700.html	Сервисы_интеграции-2.md
objects/catalog63/catalog2708.html	Обработка_ошибок-2.md
objects/catalog63/catalog2729.html	Мобильный_клиент_с_возможностью_автономной_работы-2.md
objects/catalog63/catalog2749.html	Прогрессивное_веб-приложение-2.md
objects/catalog63/catalog2824.html	Токен_доступа-2.md
objects/catalog63/catalog343.html	Работа_с_файлами-2.md
objects/catalog63/catalog565.html	XML-2.md
objects/catalog63/catalog578.html	Интернет-2.md
objects/catalog63/catalog609.html	Построитель_отчета-2.md
objects/catalog63/catalog64.html	Табличный_документ-2.md
objects/catalog63/catalog818.html	Анализ_данных-2.md
objects/catalog63/catalog866.html	Построитель_запроса-2.md
objects/catalog63/catalog967.html	ZIP-2.md
objects/Global context/methods/catalog5876.html	Мобильный_клиент_с_возможностью_автономной_работы-3.md
objects/Global context/events/catalog201/OnExit75.html	Глобальный_контекст.ПриЗавершенииРаботыСистемы_(Global_context.OnExit)-2.md
objects/Global context/events/catalog201/OnStart73.html	Глобальный_контекст.ПриНачалеРаботыСистемы_(Global_context.OnStart)-2.md
objects/Global context/events/catalog375/BeforeExit378.html	Глобальный_контекст.ПередЗавершениемРаботыСистемы_(Global_context.BeforeExit)-2.md
objects/Global context/events/catalog375/BeforeStart376.html	Глобальный_контекст.ПередНачаломРаботыСистемы_(Global_context.BeforeStart)-2.md
objects/Global context/events/catalog375/ExternEventProcessing380.html	Глобальный_контекст.ОбработкаВнешнегоСобытия_(Global_context.ExternEventProcessing)-2.md
objects/Global context/events/catalog375/OnChangeDisplaySettings579.html	Глобальный_контекст.ПриИзмененииПараметровЭкрана_(Global_context.OnChangeDisplaySettings)-2.md
objects/Global context/events/catalog375/OnExit379.html	Глобальный_контекст.ПриЗавершенииРаботыСистемы_(Global_context.OnExit)-3.md
objects/Global context/events/catalog375/OnStart377.html	Глобальный_контекст.ПриНачалеРаботыСистемы_(Global_context.OnStart)-3.md
objects/catalog63/catalog2442/catalog572.html	Почта-3.md
objects/catalog63/catalog578/InternetProxy/properties/Password2384.html	ИнтернетПрокси.Пароль_(InternetProxy.Password)-2.md
objects/catalog63/catalog578/InternetProxy/properties/User2383.html	ИнтернетПрокси.Пользователь_(InternetProxy.User)-2.md
objects/catalog63/catalog272/catalog1728/catalog1738.html	Планы_обмена-3.md
objects/catalog2/catalog258/catalog561.html	Сводная_таблица-2.md
objects/catalog2/catalog277/catalog278.html	Диаграмма-2.md
objects/catalog2/catalog277/catalog649.html	Диаграмма_Ганта-2.md
objects/catalog2/catalog277/catalog801.html	Сводная_диаграмма-2.md
objects/catalog2/catalog277/catalog806.html	Дендрограмма-2.md
objects/catalog2/catalog277/catalog916.html	Географическая_схема-2.md
objects/catalog2/catalog370/PredefinedDataUpdate.html	ОбновлениеПредопределенныхДанных_(PredefinedDataUpdate)-2.md
objects/catalog2/catalog2088/PredefinedDataUpdate/properties/Auto10868.html	ОбновлениеПредопределенныхДанных.Авто_(PredefinedDataUpdate.Auto)-2.md
objects/catalog2/catalog2088/PredefinedDataUpdate/properties/AutoUpdate10869.html	ОбновлениеПредопределенныхДанных.ОбновлятьАвтоматически_(PredefinedDataUpdate.AutoUpdate)-2.md
objects/catalog2/catalog2088/PredefinedDataUpdate/properties/DontAutoUpdate10870.html	ОбновлениеПредопределенныхДанных.НеОбновлятьАвтоматически_(PredefinedDataUpdate.DontAutoUpdate)-2.md
objects/catalog1649/catalog1890/Extension for controls located in a form.html	Расширение_элементов_управления,_расположенных_в_форме_(Extension_for_controls_located_in_a_form)-2.md
objects/catalog1649/catalog1890/Extension for controls located in a form/events/event525.html	Расширение_элементов_управления,_расположенных_в_форме.Имя_события_(Extension_for_controls_located_in_a_form.Event_name)-2.md
objects/catalog1649/catalog1890/ClientApplicationForm/properties/CloseOnChoice7207.html	ФормаКлиентскогоПриложения.ЗакрыватьПриВыборе_(ClientApplicationForm.CloseOnChoice)-2.md
objects/catalog1649/catalog1890/ClientApplicationForm/properties/CloseOnOwnerClose7206.html	ФормаКлиентскогоПриложения.ЗакрыватьПриЗакрытииВладельца_(ClientApplicationForm.CloseOnOwnerClose)-2.md
objects/catalog1649/catalog1890/ClientApplicationForm/properties/PurposeUseKey8580.html	ФормаКлиентскогоПриложения.КлючНазначенияИспользования_(ClientApplicationForm.PurposeUseKey)-2.md
objects/catalog1649/catalog1890/ClientApplicationForm/properties/ReadOnly7202.html	ФормаКлиентскогоПриложения.ТолькоПросмотр_(ClientApplicationForm.ReadOnly)-2.md
objects/catalog1649/catalog1890/Client application form extension for tasks/properties/ChoiceMode9695.html	Расширение_формы_клиентского_приложения_для_задачи.РежимВыбора_(Managed_form_extension_for_tasks.ChoiceMode)-2.md
objects/catalog1649/catalog1890/Client application form extension for tasks/properties/ChoiceParameters10513.html	Расширение_формы_клиентского_приложения_для_задачи.ПараметрыВыбора_(Managed_form_extension_for_tasks.ChoiceParameters)-2.md
objects/catalog1649/catalog1890/Client application form extension for reports/properties/ResultViewMode11604.html	Расширение_формы_клиентского_приложения_для_отчета.РежимОтображенияРезультата_(Client_application_form_extension_for_reports.ResultViewMode)-2.md
objects/catalog1649/catalog1890/Client application form extension for objects/properties/ChoiceMode9690.html	Расширение_формы_клиентского_приложения_для_объектов.РежимВыбора_(Client_application_form_extension_for_objects.ChoiceMode)-2.md
objects/catalog1649/catalog1890/Client application form extension for objects/properties/ChoiceParameters10503.html	Расширение_формы_клиентского_приложения_для_объектов.ПараметрыВыбора_(Client_application_form_extension_for_objects.ChoiceParameters)-2.md
objects/catalog1649/catalog1890/Client application form extension for external data source table object/events/AfterWrite595.html	ПослеЗаписи_(AfterWrite)-2.md
objects/catalog1649/catalog1890/Client application form extension for external data source table object/events/AfterWriteAtServer597.html	ПослеЗаписиНаСервере_(AfterWriteAtServer)-2.md
objects/catalog1649/catalog1890/Client application form extension for external data source table object/events/BeforeWrite593.html	ПередЗаписью_(BeforeWrite)-2.md
objects/catalog1649/catalog1890/Client application form extension for external data source table object/events/BeforeWriteAtServer596.html	ПередЗаписьюНаСервере_(BeforeWriteAtServer)-2.md
objects/catalog1649/catalog1890/Client application form extension for external data source table object/events/OnReadAtServer598.html	ПриЧтенииНаСервере_(OnReadAtServer)-2.md
objects/catalog1649/catalog1890/Client application form extension for external data source table object/events/OnWriteAtServer594.html	ПриЗаписиНаСервере_(OnWriteAtServer)-2.md
objects/catalog1649/catalog1890/Client application form extension for external data source table object/formparams/CopyingValue92.html	ЗначениеКопирования_(CopyingValue)-2.md
objects/catalog1649/catalog1890/Client application form extension for external data source table object/formparams/FillingValues94.html	ЗначенияЗаполнения_(FillingValues)-2.md
objects/catalog1649/catalog1890/Client application form extension for external data source table object/formparams/Key90.html	Ключ_(Key)-2.md
objects/catalog1649/catalog1890/Client application form extension for external data source table object/methods/Read4575.html	Прочитать_(Read)-2.md
objects/catalog1649/catalog1890/Client application form extension for external data source table object/methods/Write4574.html	Записать_(Write)-2.md
objects/catalog1649/catalog1890/Client application form extension for external data source table object/properties/ChoiceMode10169.html	РежимВыбора_(ChoiceMode)-2.md
objects/catalog1649/catalog1890/Client application form extension for external data source table object/properties/ChoiceParameters10515.html	ПараметрыВыбора_(ChoiceParameters)-2.md
objects/catalog1649/catalog1890/Client application form extension for documents/properties/ChoiceMode9692.html	Расширение_формы_клиентского_приложения_для_документа.РежимВыбора_(Client_application_form_extension_for_documents.ChoiceMode)-2.md
objects/catalog1649/catalog1890/Client application form extension for documents/properties/ChoiceParameters10507.html	Расширение_формы_клиентского_приложения_для_документа.ПараметрыВыбора_(Client_application_form_extension_for_documents.ChoiceParameters)-2.md
objects/catalog1649/catalog1890/Client application form extension for chart of characteristics types/properties/ChoiceMode9693.html	Расширение_формы_клиентского_приложения_для_плана_видов_характеристик.РежимВыбора_(Client_application_form_extension_for_chart_of_characteristics_types.ChoiceMode)-2.md
objects/catalog1649/catalog1890/Client application form extension for chart of characteristics types/properties/ChoiceParameters10509.html	Расширение_формы_клиентского_приложения_для_плана_видов_характеристик.ПараметрыВыбора_(Client_application_form_extension_for_chart_of_characteristics_types.ChoiceParameters)-2.md
objects/catalog1649/catalog1890/Client application form extension for catalogs/properties/ChoiceMode9691.html	Расширение_формы_клиентского_приложения_для_справочника.РежимВыбора_(Client_application_form_extension_for_catalogs.ChoiceMode)-2.md
objects/catalog1649/catalog1890/Client application form extension for catalogs/properties/ChoiceParameters10505.html	Расширение_формы_клиентского_приложения_для_справочника.ПараметрыВыбора_(Client_application_form_extension_for_catalogs.ChoiceParameters)-2.md
objects/catalog1649/catalog1890/Client application form extension for business processes/properties/ChoiceMode9694.html	Расширение_формы_клиентского_приложения_для_бизнес-процесса.РежимВыбора_(Client_application_form_extension_for_business_processes.ChoiceMode)-2.md
objects/catalog1649/catalog1890/Client application form extension for business processes/properties/ChoiceParameters10511.html	Расширение_формы_клиентского_приложения_для_бизнес-процесса.ПараметрыВыбора_(Client_application_form_extension_for_business_processes.ChoiceParameters)-2.md
objects/catalog125/catalog177/catalog286.html	Порядок-3.md
objects/catalog125/catalog177/catalog979.html	Оформление-2.md
objects/catalog125/catalog177/PointInTime.html	МоментВремени_(PointInTime)-12.md
objects/catalog125/catalog486/object490/properties/ActualActionPeriod2525.html	РегистрРасчетаВыборка.Имя_регистра_расчета.ФактическийПериодДействия_(CalculationRegisterSelection.Calculation_register_name.ActualActionPeriod)-2.md
objects/catalog125/catalog1972/object2076/ctors/ctor204.html	ВнешнийИсточникДанныхКубТаблицаИзмеренияСсылка.Имя_внешнего_источника.Имя_куба.Имя_таблицы_измерения.По_умолчанию-2.md
objects/catalog125/catalog1972/object2073/ctors/ctor203.html	ВнешнийИсточникДанныхКубКлючЗаписи.Имя_внешнего_источника.Имя_куба.По_умолчанию-2.md
objects/catalog125/catalog1972/object1975/ctors/ctor199.html	ВнешнийИсточникДанныхТаблицаКлючЗаписи.Имя_внешнего_источника.Имя_таблицы_внешнего_источника_данных.По_умолчанию-2.md
objects/catalog125/catalog1972/object1974/ctors/ctor195.html	ВнешнийИсточникДанныхТаблицаСсылка.Имя_внешнего_источника.Имя_таблицы_внешнего_источника_данных.По_умолчанию-2.md
objects/catalog125/catalog177/catalog286/Order.html	Порядок_(Order)-4.md
