objects/catalog63/catalog2843/BinaryDataStorageDataCopiesPlacementMode/properties/DataPlacementToStorageAndToDatabaseOnInaccessibleStorage13853.html	РежимРазмещенияКопийДанныхВХранилищеДвоичныхДанных.РазмещениеДанныхВХранилищеИВБазеДанныхПриНедоступностиХранилища_(BinaryDataStorageDataCopiesPlacementMode.DataPlacementToStorageAn__TRUNC_7bacb87a.md
objects/catalog63/catalog2032/catalog2653/Tested form item addition extension for a view status representation/methods/ClickViewStatusItem5756.html	Расширение_тестируемого_дополнения_элемента_формы_для_отображения_состояния_просмотра.НажатьНаЭлементСостоянияПросмотра_(Tested_form_item_addition_extension_for_a_view_status_repres__TRUNC_b54e0dab.md
objects/catalog63/catalog2032/catalog2653/Tested form item addition extension for a view status representation/methods/DeleteViewStatusItem5757.html	Расширение_тестируемого_дополнения_элемента_формы_для_отображения_состояния_просмотра.УдалитьЭлементСостоянияПросмотра_(Tested_form_item_addition_extension_for_a_view_status_represe__TRUNC_1ced88a4.md
objects/catalog63/catalog2032/catalog2653/Tested form item addition extension for a view status representation/methods/GetViewStatusItemTexts5755.html	Расширение_тестируемого_дополнения_элемента_формы_для_отображения_состояния_просмотра.ПолучитьТекстыЭлементовСостоянияПросмотра_(Tested_form_item_addition_extension_for_a_view_statu__TRUNC_92c2a5b7.md
objects/catalog63/catalog2032/catalog2049/Tested form field extension for a spreadsheet document/methods/GetDocumentDataAreaHorizontalSize5444.html	Расширение_тестируемого_поля_формы_для_табличного_документа.ПолучитьРазмерОбластиДанныхДокументаПоГоризонтали_(Tested_form_field_extension_for_a_spreadsheet_document.GetDocumentData__TRUNC_29e9d857.md
objects/catalog63/catalog1064/catalog1077/Conditional appearance table box extension/properties/SettingsNamedItemDetailedRepresentation6065.html	Расширение_табличного_поля_условного_оформления_компоновки_данных.ПодробноеОтображениеИменованныхЭлементовНастройки_(Conditional_appearance_table_box_extension.SettingsNamedItemDeta__TRUNC_6cbf1d8a.md
objects/catalog2/catalog2627/ConnectedComponentsOfSystemOfLinearEquationsCalculationGettingMethod/properties/StronglyConnectedComponentsWithNoInnerConnectionRequired12134.html	СпособПолученияКомпонентСвязностиРасчетаСистемЛинейныхУравнений.КомпонентыСильнойСвязностиБезТребованияСвязиВнутриКомпонент_(ConnectedComponentsOfSystemOfLinearEquationsCalculationG__TRUNC_e90ccb26.md
objects/catalog1649/catalog1890/Client application form extension for settings composer/events/OnUpdateUserSettingSetAtServer577.html	Расширение_формы_клиентского_приложения_для_компоновщика_настроек.ПриОбновленииСоставаПользовательскихНастроекНаСервере_(Client_application_form_extension_for_settings_composer.OnUp__TRUNC_51e2a36f.md
objects/catalog1649/catalog1890/Client application form extension for information register records/formparams/VersionNumberSwitchToDataHistoryVersion112.html	Расширение_формы_клиентского_приложения_для_записи_регистра_сведений.НомерВерсииПереходаНаВерсиюИсторииДанных_(Client_application_form_extension_for_information_register_records.Ver__TRUNC_03b24c7c.md
objects/catalog1649/catalog1890/Client application form extension for chart of characteristics types/formparams/CharacteristicTypesFilterObject63.html	Расширение_формы_клиентского_приложения_для_плана_видов_характеристик.ОбъектОтбораВидовХарактеристик_(Client_application_form_extension_for_chart_of_characteristics_types.Characteri__TRUNC_087d5a48.md
objects/catalog1649/catalog1890/Client application form extension for chart of characteristics types/formparams/VersionNumberSwitchToDataHistoryVersion110.html	Расширение_формы_клиентского_приложения_для_плана_видов_характеристик.НомерВерсииПереходаНаВерсиюИсторииДанных_(Client_application_form_extension_for_chart_of_characteristics_types.__TRUNC_b5f880a9.md
objects/catalog1649/catalog1890/Client application form extension for business processes/formparams/VersionNumberSwitchToDataHistoryVersion111.html	Расширение_формы_клиентского_приложения_для_бизнес-процесса.НомерВерсииПереходаНаВерсиюИсторииДанных_(Client_application_form_extension_for_business_processes.VersionNumberSwitchToD__TRUNC_c25ff953.md
objects/catalog1649/catalog1679/catalog1674/Form table extension for data composition conditional appearance/properties/SettingsNamedItemDetailedRepresentation7318.html	Расширение_таблицы_формы_для_условного_оформления_компоновки_данных.ПодробноеОтображениеИменованныхЭлементовНастройки_(Form_table_extension_for_data_composition_conditional_appearan__TRUNC_0b9972c2.md
objects/catalog125/catalog1972/object2075.html	ВнешнийИсточникДанныхКубТаблицаИзмеренияМенеджер.Имя_внешнего_источника.Имя_куба.Имя_таблицы_измерения_(ExternalDataSourceCubeDimensionTableManager.External_source_name.Cube_name.Di__TRUNC_1567155d.md
objects/catalog125/catalog676/ConfigurationChangesDescriptionInExchangeMessage/properties/ChangedConfigurationExtensionsMetadataModifiesDataStructure13211.html	ОписаниеИзмененийКонфигурацииВСообщенииОбмена.ИзмененныеМетаданныеРасширенийКонфигурацииИзменяютСтруктуруДанных_(ConfigurationChangesDescriptionInExchangeMessage.ChangedConfiguratio__TRUNC_bfb90f8c.md
objects/catalog125/catalog433/object460/events/GenerateFromDataHistoryVersionProcessing637.html	ПланВидовХарактеристикОбъект.Имя_плана_видов_характеристик.ОбработкаФормированияПоВерсииИсторииДанных_(ChartOfCharacteristicTypesObject.Chart_of_characteristic_types_name.GenerateFr__TRUNC_df271c6f.md
objects/catalog125/catalog433/object460/methods/SetDataHistoryVersionComment5431.html	ПланВидовХарактеристикОбъект.Имя_плана_видов_характеристик.УстановитьКомментарийВерсииИсторииДанных_(ChartOfCharacteristicTypesObject.Chart_of_characteristic_types_name.SetDataHisto__TRUNC_98bfe534.md
objects/catalog125/catalog433/object441/events/AfterWriteDataHistoryVersionsProcessing665.html	ПланВидовХарактеристикМенеджер.Имя_плана_видов_характеристик.ОбработкаПослеЗаписиВерсийИсторииДанных_(ChartOfCharacteristicTypesManager.Chart_of_characteristic_types_name.AfterWrite__TRUNC_fd7d1c53.md
objects/catalog125/catalog433/object441/events/PresentationFieldsGetProcessing551.html	ПланВидовХарактеристикМенеджер.Имя_плана_видов_характеристик.ОбработкаПолученияПолейПредставления_(ChartOfCharacteristicTypesManager.Chart_of_characteristic_types_name.PresentationF__TRUNC_91c11854.md
objects/catalog125/catalog433/object441/methods/GetPredefinedDataInitialization4808.html	ПланВидовХарактеристикМенеджер.Имя_плана_видов_характеристик.ПолучитьИнициализациюПредопределенныхДанных_(ChartOfCharacteristicTypesManager.Chart_of_characteristic_types_name.GetPre__TRUNC_0082bf4e.md
objects/catalog125/catalog433/object441/methods/SetPredefinedDataInitialization4812.html	ПланВидовХарактеристикМенеджер.Имя_плана_видов_характеристик.УстановитьИнициализациюПредопределенныхДанных_(ChartOfCharacteristicTypesManager.Chart_of_characteristic_types_name.SetP__TRUNC_e46a5ea2.md
objects/catalog125/catalog433/object441/methods/SetPredefinedDataUpdate4392.html	ПланВидовХарактеристикМенеджер.Имя_плана_видов_характеристик.УстановитьОбновлениеПредопределенныхДанных_(ChartOfCharacteristicTypesManager.Chart_of_characteristic_types_name.SetPred__TRUNC_9d8e6822.md
objects/catalog125/catalog433/object441/properties/prop2181.html	ПланВидовХарактеристикМенеджер.Имя_плана_видов_характеристик.Имя_предопределенного_вида_характеристик_(ChartOfCharacteristicTypesManager.Chart_of_characteristic_types_name.Predefine__TRUNC_65540c38.md
objects/catalog125/catalog1972/object2077/methods/GetTemplate4306.html	ВнешнийИсточникДанныхКубТаблицаИзмеренияОбъект.Имя_внешнего_источника.Имя_куба.Имя_таблицы_измерения.ПолучитьМакет_(ExternalDataSourceCubeDimensionTableObject.External_source_name.C__TRUNC_6e7abcc3.md
objects/catalog125/catalog1972/object2077/methods/Metadata4305.html	ВнешнийИсточникДанныхКубТаблицаИзмеренияОбъект.Имя_внешнего_источника.Имя_куба.Имя_таблицы_измерения.Метаданные_(ExternalDataSourceCubeDimensionTableObject.External_source_name.Cube__TRUNC_976b53c6.md
objects/catalog125/catalog1972/object2077/methods/Read4307.html	ВнешнийИсточникДанныхКубТаблицаИзмеренияОбъект.Имя_внешнего_источника.Имя_куба.Имя_таблицы_измерения.Прочитать_(ExternalDataSourceCubeDimensionTableObject.External_source_name.Cube___TRUNC_874abada.md
objects/catalog125/catalog1972/object2077/properties/AdditionalProperties9610.html	ВнешнийИсточникДанныхКубТаблицаИзмеренияОбъект.Имя_внешнего_источника.Имя_куба.Имя_таблицы_измерения.ДополнительныеСвойства_(ExternalDataSourceCubeDimensionTableObject.External_sour__TRUNC_a49268a5.md
objects/catalog125/catalog1972/object2077/properties/prop9607.html	ВнешнийИсточникДанныхКубТаблицаИзмеренияОбъект.Имя_внешнего_источника.Имя_куба.Имя_таблицы_измерения.Имя_поля_(ExternalDataSourceCubeDimensionTableObject.External_source_name.Cube_n__TRUNC_c691f032.md
objects/catalog125/catalog1972/object2077/properties/Ref9608.html	ВнешнийИсточникДанныхКубТаблицаИзмеренияОбъект.Имя_внешнего_источника.Имя_куба.Имя_таблицы_измерения.Ссылка_(ExternalDataSourceCubeDimensionTableObject.External_source_name.Cube_nam__TRUNC_9dd9d372.md
objects/catalog125/catalog1972/object2077/properties/ThisObject9609.html	ВнешнийИсточникДанныхКубТаблицаИзмеренияОбъект.Имя_внешнего_источника.Имя_куба.Имя_таблицы_измерения.ЭтотОбъект_(ExternalDataSourceCubeDimensionTableObject.External_source_name.Cube__TRUNC_8c5d9b35.md
objects/catalog125/catalog1972/object2076/methods/GetObject4136.html	ВнешнийИсточникДанныхКубТаблицаИзмеренияСсылка.Имя_внешнего_источника.Имя_куба.Имя_таблицы_измерения.ПолучитьОбъект_(ExternalDataSourceCubeDimensionTableRef.External_source_name.Cub__TRUNC_9a2fbafe.md
objects/catalog125/catalog1972/object2076/methods/IsEmpty4135.html	ВнешнийИсточникДанныхКубТаблицаИзмеренияСсылка.Имя_внешнего_источника.Имя_куба.Имя_таблицы_измерения.Пустая_(ExternalDataSourceCubeDimensionTableRef.External_source_name.Cube_name.D__TRUNC_d8df6884.md
objects/catalog125/catalog1972/object2076/methods/Metadata4137.html	ВнешнийИсточникДанныхКубТаблицаИзмеренияСсылка.Имя_внешнего_источника.Имя_куба.Имя_таблицы_измерения.Метаданные_(ExternalDataSourceCubeDimensionTableRef.External_source_name.Cube_na__TRUNC_6d295083.md
objects/catalog125/catalog1972/object2076/methods/Value4138.html	ВнешнийИсточникДанныхКубТаблицаИзмеренияСсылка.Имя_внешнего_источника.Имя_куба.Имя_таблицы_измерения.Значение_(ExternalDataSourceCubeDimensionTableRef.External_source_name.Cube_name__TRUNC_ec1d4bec.md
objects/catalog125/catalog1972/object2076/properties/prop9606.html	ВнешнийИсточникДанныхКубТаблицаИзмеренияСсылка.Имя_внешнего_источника.Имя_куба.Имя_таблицы_измерения.Имя_поля_(ExternalDataSourceCubeDimensionTableRef.External_source_name.Cube_name__TRUNC_beb50d6a.md
objects/catalog125/catalog1972/object2075/events/ChoiceDataGetProcessing568.html	ВнешнийИсточникДанныхКубТаблицаИзмеренияМенеджер.Имя_внешнего_источника.Имя_куба.Имя_таблицы_измерения.ОбработкаПолученияДанныхВыбора_(ExternalDataSourceCubeDimensionTableManager.Ex__TRUNC_f56d40b0.md
objects/catalog125/catalog1972/object2075/events/FormGetProcessing569.html	ВнешнийИсточникДанныхКубТаблицаИзмеренияМенеджер.Имя_внешнего_источника.Имя_куба.Имя_таблицы_измерения.ОбработкаПолученияФормы_(ExternalDataSourceCubeDimensionTableManager.External___TRUNC_1ae604f3.md
objects/catalog125/catalog1972/object2075/events/PresentationFieldsGetProcessing570.html	ВнешнийИсточникДанныхКубТаблицаИзмеренияМенеджер.Имя_внешнего_источника.Имя_куба.Имя_таблицы_измерения.ОбработкаПолученияПолейПредставления_(ExternalDataSourceCubeDimensionTableMana__TRUNC_7d8f6f8d.md
objects/catalog125/catalog1972/object2075/events/PresentationGetProcessing571.html	ВнешнийИсточникДанныхКубТаблицаИзмеренияМенеджер.Имя_внешнего_источника.Имя_куба.Имя_таблицы_измерения.ОбработкаПолученияПредставления_(ExternalDataSourceCubeDimensionTableManager.E__TRUNC_7faad7f8.md
objects/catalog125/catalog1972/object2075/methods/EmptyRef4309.html	ВнешнийИсточникДанныхКубТаблицаИзмеренияМенеджер.Имя_внешнего_источника.Имя_куба.Имя_таблицы_измерения.ПустаяСсылка_(ExternalDataSourceCubeDimensionTableManager.External_source_name__TRUNC_00521b8b.md
objects/catalog125/catalog1972/object2075/methods/FindByField4308.html	ВнешнийИсточникДанныхКубТаблицаИзмеренияМенеджер.Имя_внешнего_источника.Имя_куба.Имя_таблицы_измерения.НайтиПоПолю_(ExternalDataSourceCubeDimensionTableManager.External_source_name.__TRUNC_0f326a57.md
objects/catalog125/catalog1972/object2075/methods/GetChoiceData4312.html	ВнешнийИсточникДанныхКубТаблицаИзмеренияМенеджер.Имя_внешнего_источника.Имя_куба.Имя_таблицы_измерения.ПолучитьДанныеВыбора_(ExternalDataSourceCubeDimensionTableManager.External_sou__TRUNC_a697aabd.md
objects/catalog125/catalog1972/object2075/methods/GetRef4311.html	ВнешнийИсточникДанныхКубТаблицаИзмеренияМенеджер.Имя_внешнего_источника.Имя_куба.Имя_таблицы_измерения.ПолучитьСсылку_(ExternalDataSourceCubeDimensionTableManager.External_source_na__TRUNC_644ec95c.md
objects/catalog125/catalog1972/object2075/methods/GetTemplate4310.html	ВнешнийИсточникДанныхКубТаблицаИзмеренияМенеджер.Имя_внешнего_источника.Имя_куба.Имя_таблицы_измерения.ПолучитьМакет_(ExternalDataSourceCubeDimensionTableManager.External_source_nam__TRUNC_cfb6af16.md
objects/catalog125/catalog1972/object2074/properties/prop9611.html	ВнешнийИсточникДанныхКубТаблицыИзмеренийМенеджер.Имя_внешнего_источника.Имя_куба.Имя_таблицы_измерения_(ExternalDataSourceCubeDimensionsTablesManager.External_source_name.Cube_name.__TRUNC_8d27bc52.md
objects/catalog125/catalog1972/object1979/events/ChoiceDataGetProcessing562.html	ВнешнийИсточникДанныхТаблицаМенеджер.Имя_внешнего_источника.Имя_таблицы_внешнего_источника_данных.ОбработкаПолученияДанныхВыбора_(ExternalDataSourceTableManager.External_source_name__TRUNC_70e88010.md
objects/catalog125/catalog1972/object1979/events/FormGetProcessing561.html	ВнешнийИсточникДанныхТаблицаМенеджер.Имя_внешнего_источника.Имя_таблицы_внешнего_источника_данных.ОбработкаПолученияФормы_(ExternalDataSourceTableManager.External_source_name.Extern__TRUNC_f5b65675.md
objects/catalog125/catalog1972/object1979/events/PresentationFieldsGetProcessing559.html	ВнешнийИсточникДанныхТаблицаМенеджер.Имя_внешнего_источника.Имя_таблицы_внешнего_источника_данных.ОбработкаПолученияПолейПредставления_(ExternalDataSourceTableManager.External_sourc__TRUNC_7abaf8d4.md
objects/catalog125/catalog1972/object1979/events/PresentationGetProcessing560.html	ВнешнийИсточникДанныхТаблицаМенеджер.Имя_внешнего_источника.Имя_таблицы_внешнего_источника_данных.ОбработкаПолученияПредставления_(ExternalDataSourceTableManager.External_source_nam__TRUNC_bc0e9e92.md
objects/catalog125/catalog1972/object1979/methods/CreateObject4545.html	ВнешнийИсточникДанныхТаблицаМенеджер.Имя_внешнего_источника.Имя_таблицы_внешнего_источника_данных.СоздатьОбъект_(ExternalDataSourceTableManager.External_source_name.External_data_so__TRUNC_362c1586.md
objects/catalog125/catalog1972/object1979/methods/CreateRecordKey4284.html	ВнешнийИсточникДанныхТаблицаМенеджер.Имя_внешнего_источника.Имя_таблицы_внешнего_источника_данных.СоздатьКлючЗаписи_(ExternalDataSourceTableManager.External_source_name.External_dat__TRUNC_1129eeb7.md
objects/catalog125/catalog1972/object1979/methods/CreateRecordManager4283.html	ВнешнийИсточникДанныхТаблицаМенеджер.Имя_внешнего_источника.Имя_таблицы_внешнего_источника_данных.СоздатьМенеджерЗаписи_(ExternalDataSourceTableManager.External_source_name.External__TRUNC_01756edb.md
objects/catalog125/catalog1972/object1979/methods/CreateRecordSet4285.html	ВнешнийИсточникДанныхТаблицаМенеджер.Имя_внешнего_источника.Имя_таблицы_внешнего_источника_данных.СоздатьНаборЗаписей_(ExternalDataSourceTableManager.External_source_name.External_d__TRUNC_b3c42964.md
objects/catalog125/catalog1972/object1979/methods/EmptyKey4286.html	ВнешнийИсточникДанныхТаблицаМенеджер.Имя_внешнего_источника.Имя_таблицы_внешнего_источника_данных.ПустойКлюч_(ExternalDataSourceTableManager.External_source_name.External_data_sourc__TRUNC_10bc612e.md
objects/catalog125/catalog1972/object1979/methods/EmptyRef4127.html	ВнешнийИсточникДанныхТаблицаМенеджер.Имя_внешнего_источника.Имя_таблицы_внешнего_источника_данных.ПустаяСсылка_(ExternalDataSourceTableManager.External_source_name.External_data_sou__TRUNC_0f03494a.md
objects/catalog125/catalog1972/object1979/methods/FindByField4129.html	ВнешнийИсточникДанныхТаблицаМенеджер.Имя_внешнего_источника.Имя_таблицы_внешнего_источника_данных.НайтиПоПолю_(ExternalDataSourceTableManager.External_source_name.External_data_sour__TRUNC_a127c19e.md
objects/catalog125/catalog1972/object1979/methods/GetChoiceData4131.html	ВнешнийИсточникДанныхТаблицаМенеджер.Имя_внешнего_источника.Имя_таблицы_внешнего_источника_данных.ПолучитьДанныеВыбора_(ExternalDataSourceTableManager.External_source_name.External___TRUNC_e09f6447.md
objects/catalog125/catalog1972/object1979/methods/GetRef4130.html	ВнешнийИсточникДанныхТаблицаМенеджер.Имя_внешнего_источника.Имя_таблицы_внешнего_источника_данных.ПолучитьСсылку_(ExternalDataSourceTableManager.External_source_name.External_data_s__TRUNC_50a7c03c.md
objects/catalog125/catalog1972/object1979/methods/GetTemplate4287.html	ВнешнийИсточникДанныхТаблицаМенеджер.Имя_внешнего_источника.Имя_таблицы_внешнего_источника_данных.ПолучитьМакет_(ExternalDataSourceTableManager.External_source_name.External_data_so__TRUNC_9ea11aed.md
objects/catalog125/catalog1972/object1978/properties/prop9214.html	ВнешнийИсточникДанныхТаблицаЗапись.Имя_внешнего_источника.Имя_таблицы_внешнего_источника_данных.Имя_поля_(ExternalDataSourceTableRecord.External_source_name.Table_of_external_data_s__TRUNC_3816baca.md
objects/catalog125/catalog1972/object1977/events/BeforeWrite589.html	ВнешнийИсточникДанныхТаблицаНаборЗаписей.Имя_внешнего_источника.Имя_таблицы_внешнего_источника_данных.ПередЗаписью_(ExternalDataSourceTableRecordSet.External_source_name.External_da__TRUNC_4fb1e088.md
objects/catalog125/catalog1972/object1977/events/FillCheckProcessing591.html	ВнешнийИсточникДанныхТаблицаНаборЗаписей.Имя_внешнего_источника.Имя_таблицы_внешнего_источника_данных.ОбработкаПроверкиЗаполнения_(ExternalDataSourceTableRecordSet.External_source_n__TRUNC_b247f3a0.md
objects/catalog125/catalog1972/object1977/events/Filling592.html	ВнешнийИсточникДанныхТаблицаНаборЗаписей.Имя_внешнего_источника.Имя_таблицы_внешнего_источника_данных.ОбработкаЗаполнения_(ExternalDataSourceTableRecordSet.External_source_name.Exte__TRUNC_3369da9f.md
objects/catalog125/catalog1972/object1977/events/OnWrite590.html	ВнешнийИсточникДанныхТаблицаНаборЗаписей.Имя_внешнего_источника.Имя_таблицы_внешнего_источника_данных.ПриЗаписи_(ExternalDataSourceTableRecordSet.External_source_name.External_data___TRUNC_8cdbb8d0.md
objects/catalog125/catalog1972/object1977/methods/Add4564.html	ВнешнийИсточникДанныхТаблицаНаборЗаписей.Имя_внешнего_источника.Имя_таблицы_внешнего_источника_данных.Добавить_(ExternalDataSourceTableRecordSet.External_source_name.External_data_s__TRUNC_fd00cff3.md
objects/catalog125/catalog1972/object1977/methods/CheckFilling4571.html	ВнешнийИсточникДанныхТаблицаНаборЗаписей.Имя_внешнего_источника.Имя_таблицы_внешнего_источника_данных.ПроверитьЗаполнение_(ExternalDataSourceTableRecordSet.External_source_name.Exte__TRUNC_aaf31cdc.md
objects/catalog125/catalog1972/object1977/methods/Clear4570.html	ВнешнийИсточникДанныхТаблицаНаборЗаписей.Имя_внешнего_источника.Имя_таблицы_внешнего_источника_данных.Очистить_(ExternalDataSourceTableRecordSet.External_source_name.External_data_s__TRUNC_5d7bd154.md
objects/catalog125/catalog1972/object1977/methods/Count4291.html	ВнешнийИсточникДанныхТаблицаНаборЗаписей.Имя_внешнего_источника.Имя_таблицы_внешнего_источника_данных.Количество_(ExternalDataSourceTableRecordSet.External_source_name.External_data__TRUNC_48c1a466.md
objects/catalog125/catalog1972/object1977/methods/Delete4573.html	ВнешнийИсточникДанныхТаблицаНаборЗаписей.Имя_внешнего_источника.Имя_таблицы_внешнего_источника_данных.Удалить_(ExternalDataSourceTableRecordSet.External_source_name.External_data_so__TRUNC_4ae843c8.md
objects/catalog125/catalog1972/object1977/methods/Fill4568.html	ВнешнийИсточникДанныхТаблицаНаборЗаписей.Имя_внешнего_источника.Имя_таблицы_внешнего_источника_данных.Заполнить_(ExternalDataSourceTableRecordSet.External_source_name.External_data___TRUNC_70b714d8.md
objects/catalog125/catalog1972/object1977/methods/Get4296.html	ВнешнийИсточникДанныхТаблицаНаборЗаписей.Имя_внешнего_источника.Имя_таблицы_внешнего_источника_данных.Получить_(ExternalDataSourceTableRecordSet.External_source_name.External_data_s__TRUNC_f5f7d69d.md
objects/catalog125/catalog1972/object1977/methods/IndexOf4293.html	ВнешнийИсточникДанныхТаблицаНаборЗаписей.Имя_внешнего_источника.Имя_таблицы_внешнего_источника_данных.Индекс_(ExternalDataSourceTableRecordSet.External_source_name.External_data_sou__TRUNC_64bf0c9b.md
objects/catalog125/catalog1972/object1977/methods/Insert4563.html	ВнешнийИсточникДанныхТаблицаНаборЗаписей.Имя_внешнего_источника.Имя_таблицы_внешнего_источника_данных.Вставить_(ExternalDataSourceTableRecordSet.External_source_name.External_data_s__TRUNC_3916d6a1.md
objects/catalog125/catalog1972/object1977/methods/Load4565.html	ВнешнийИсточникДанныхТаблицаНаборЗаписей.Имя_внешнего_источника.Имя_таблицы_внешнего_источника_данных.Загрузить_(ExternalDataSourceTableRecordSet.External_source_name.External_data___TRUNC_4223a3b1.md
objects/catalog125/catalog1972/object1977/methods/LoadColumn4566.html	ВнешнийИсточникДанныхТаблицаНаборЗаписей.Имя_внешнего_источника.Имя_таблицы_внешнего_источника_данных.ЗагрузитьКолонку_(ExternalDataSourceTableRecordSet.External_source_name.Externa__TRUNC_b8451115.md
objects/catalog125/catalog1972/object1977/methods/Metadata4297.html	ВнешнийИсточникДанныхТаблицаНаборЗаписей.Имя_внешнего_источника.Имя_таблицы_внешнего_источника_данных.Метаданные_(ExternalDataSourceTableRecordSet.External_source_name.External_data__TRUNC_5e7d5674.md
objects/catalog125/catalog1972/object1977/methods/Modified4569.html	ВнешнийИсточникДанныхТаблицаНаборЗаписей.Имя_внешнего_источника.Имя_таблицы_внешнего_источника_данных.Модифицированность_(ExternalDataSourceTableRecordSet.External_source_name.Exter__TRUNC_5692949a.md
objects/catalog125/catalog1972/object1977/methods/Move4572.html	ВнешнийИсточникДанныхТаблицаНаборЗаписей.Имя_внешнего_источника.Имя_таблицы_внешнего_источника_данных.Сдвинуть_(ExternalDataSourceTableRecordSet.External_source_name.External_data_s__TRUNC_a5067a5e.md
objects/catalog125/catalog1972/object1977/methods/Read4290.html	ВнешнийИсточникДанныхТаблицаНаборЗаписей.Имя_внешнего_источника.Имя_таблицы_внешнего_источника_данных.Прочитать_(ExternalDataSourceTableRecordSet.External_source_name.External_data___TRUNC_d100d34f.md
objects/catalog125/catalog1972/object1977/methods/Selected4299.html	ВнешнийИсточникДанныхТаблицаНаборЗаписей.Имя_внешнего_источника.Имя_таблицы_внешнего_источника_данных.Выбран_(ExternalDataSourceTableRecordSet.External_source_name.External_data_sou__TRUNC_ca6e7da1.md
objects/catalog125/catalog1972/object1977/methods/Total4294.html	ВнешнийИсточникДанныхТаблицаНаборЗаписей.Имя_внешнего_источника.Имя_таблицы_внешнего_источника_данных.Итог_(ExternalDataSourceTableRecordSet.External_source_name.External_data_sourc__TRUNC_45e57a76.md
objects/catalog125/catalog1972/object1977/methods/Unload4292.html	ВнешнийИсточникДанныхТаблицаНаборЗаписей.Имя_внешнего_источника.Имя_таблицы_внешнего_источника_данных.Выгрузить_(ExternalDataSourceTableRecordSet.External_source_name.External_data___TRUNC_7ff499d0.md
objects/catalog125/catalog1972/object1977/methods/UnloadColumn4295.html	ВнешнийИсточникДанныхТаблицаНаборЗаписей.Имя_внешнего_источника.Имя_таблицы_внешнего_источника_данных.ВыгрузитьКолонку_(ExternalDataSourceTableRecordSet.External_source_name.Externa__TRUNC_c362aa03.md
objects/catalog125/catalog1972/object1977/methods/UnloadColumns4298.html	ВнешнийИсточникДанныхТаблицаНаборЗаписей.Имя_внешнего_источника.Имя_таблицы_внешнего_источника_данных.ВыгрузитьКолонки_(ExternalDataSourceTableRecordSet.External_source_name.Externa__TRUNC_2cedcbc8.md
objects/catalog125/catalog1972/object1977/methods/Write4567.html	ВнешнийИсточникДанныхТаблицаНаборЗаписей.Имя_внешнего_источника.Имя_таблицы_внешнего_источника_данных.Записать_(ExternalDataSourceTableRecordSet.External_source_name.External_data_s__TRUNC_f0fd46fb.md
objects/catalog125/catalog1972/object1977/properties/AdditionalProperties9213.html	ВнешнийИсточникДанныхТаблицаНаборЗаписей.Имя_внешнего_источника.Имя_таблицы_внешнего_источника_данных.ДополнительныеСвойства_(ExternalDataSourceTableRecordSet.External_source_name.E__TRUNC_98cc3040.md
objects/catalog125/catalog1972/object1977/properties/Filter9211.html	ВнешнийИсточникДанныхТаблицаНаборЗаписей.Имя_внешнего_источника.Имя_таблицы_внешнего_источника_данных.Отбор_(ExternalDataSourceTableRecordSet.External_source_name.External_data_sour__TRUNC_0a51773f.md
objects/catalog125/catalog1972/object1977/properties/ThisObject9212.html	ВнешнийИсточникДанныхТаблицаНаборЗаписей.Имя_внешнего_источника.Имя_таблицы_внешнего_источника_данных.ЭтотОбъект_(ExternalDataSourceTableRecordSet.External_source_name.External_data__TRUNC_e91cd497.md
objects/catalog125/catalog1972/object1976/methods/Delete4562.html	ВнешнийИсточникДанныхТаблицаМенеджерЗаписи.Имя_внешнего_источника.Имя_таблицы_внешнего_источника_данных.Удалить_(ExternalDataSourceTableRecordManager.External_source_name.External_d__TRUNC_39e012d3.md
objects/catalog125/catalog1972/object1976/methods/Fill4560.html	ВнешнийИсточникДанныхТаблицаМенеджерЗаписи.Имя_внешнего_источника.Имя_таблицы_внешнего_источника_данных.Заполнить_(ExternalDataSourceTableRecordManager.External_source_name.External__TRUNC_42789a90.md
objects/catalog125/catalog1972/object1976/methods/Modified4561.html	ВнешнийИсточникДанныхТаблицаМенеджерЗаписи.Имя_внешнего_источника.Имя_таблицы_внешнего_источника_данных.Модифицированность_(ExternalDataSourceTableRecordManager.External_source_name__TRUNC_6ee0ebfb.md
objects/catalog125/catalog1972/object1976/methods/Read4288.html	ВнешнийИсточникДанныхТаблицаМенеджерЗаписи.Имя_внешнего_источника.Имя_таблицы_внешнего_источника_данных.Прочитать_(ExternalDataSourceTableRecordManager.External_source_name.External__TRUNC_7cd857c2.md
objects/catalog125/catalog1972/object1976/methods/Selected4289.html	ВнешнийИсточникДанныхТаблицаМенеджерЗаписи.Имя_внешнего_источника.Имя_таблицы_внешнего_источника_данных.Выбран_(ExternalDataSourceTableRecordManager.External_source_name.External_da__TRUNC_fa2cbfe1.md
objects/catalog125/catalog1972/object1976/methods/Write4559.html	ВнешнийИсточникДанныхТаблицаМенеджерЗаписи.Имя_внешнего_источника.Имя_таблицы_внешнего_источника_данных.Записать_(ExternalDataSourceTableRecordManager.External_source_name.External___TRUNC_72120a01.md
objects/catalog125/catalog1972/object1976/properties/prop9217.html	ВнешнийИсточникДанныхТаблицаМенеджерЗаписи.Имя_внешнего_источника.Имя_таблицы_внешнего_источника_данных.Имя_поля_(ExternalDataSourceTableRecordManager.External_source_name.External___TRUNC_58b8e405.md
objects/catalog125/catalog1972/object1975/methods/IsEmpty4300.html	ВнешнийИсточникДанныхТаблицаКлючЗаписи.Имя_внешнего_источника.Имя_таблицы_внешнего_источника_данных.Пустой_(ExternalDataSourceTableRecordKey.External_source_name.External_data_sourc__TRUNC_7aa779fe.md
objects/catalog125/catalog1972/object1975/properties/prop9216.html	ВнешнийИсточникДанныхТаблицаКлючЗаписи.Имя_внешнего_источника.Имя_таблицы_внешнего_источника_данных.Имя_поля_(ExternalDataSourceTableRecordKey.External_source_name.External_data_sou__TRUNC_505aae54.md
objects/catalog125/catalog1972/object1974/methods/GetObject4301.html	ВнешнийИсточникДанныхТаблицаСсылка.Имя_внешнего_источника.Имя_таблицы_внешнего_источника_данных.ПолучитьОбъект_(ExternalDataSourceTableRef.External_source_name.External_data_source___TRUNC_48ee5614.md
objects/catalog125/catalog1972/object1973/events/BeforeDelete587.html	ВнешнийИсточникДанныхТаблицаОбъект.Имя_внешнего_источника.Имя_таблицы_внешнего_источника_данных.ПередУдалением_(ExternalDataSourceTableObject.External_source_name.External_data_sour__TRUNC_7da62675.md
objects/catalog125/catalog1972/object1973/events/BeforeWrite585.html	ВнешнийИсточникДанныхТаблицаОбъект.Имя_внешнего_источника.Имя_таблицы_внешнего_источника_данных.ПередЗаписью_(ExternalDataSourceTableObject.External_source_name.External_data_source__TRUNC_6edf6942.md
objects/catalog125/catalog1972/object1973/events/FillCheckProcessing588.html	ВнешнийИсточникДанныхТаблицаОбъект.Имя_внешнего_источника.Имя_таблицы_внешнего_источника_данных.ОбработкаПроверкиЗаполнения_(ExternalDataSourceTableObject.External_source_name.Exter__TRUNC_c1749778.md
objects/catalog125/catalog1972/object1973/events/Filling584.html	ВнешнийИсточникДанныхТаблицаОбъект.Имя_внешнего_источника.Имя_таблицы_внешнего_источника_данных.ОбработкаЗаполнения_(ExternalDataSourceTableObject.External_source_name.External_data__TRUNC_d10cbf19.md
objects/catalog125/catalog1972/object1973/events/OnCopy583.html	ВнешнийИсточникДанныхТаблицаОбъект.Имя_внешнего_источника.Имя_таблицы_внешнего_источника_данных.ПриКопировании_(ExternalDataSourceTableObject.External_source_name.External_data_sour__TRUNC_0432a029.md
objects/catalog125/catalog1972/object1973/events/OnWrite586.html	ВнешнийИсточникДанныхТаблицаОбъект.Имя_внешнего_источника.Имя_таблицы_внешнего_источника_данных.ПриЗаписи_(ExternalDataSourceTableObject.External_source_name.External_data_source_ta__TRUNC_0f84ce4a.md
objects/catalog125/catalog1972/object1973/methods/CheckFilling4553.html	ВнешнийИсточникДанныхТаблицаОбъект.Имя_внешнего_источника.Имя_таблицы_внешнего_источника_данных.ПроверитьЗаполнение_(ExternalDataSourceTableObject.External_source_name.External_data__TRUNC_10f24cd5.md
objects/catalog125/catalog1972/object1973/methods/GetChangeableFields4805.html	ВнешнийИсточникДанныхТаблицаОбъект.Имя_внешнего_источника.Имя_таблицы_внешнего_источника_данных.ПолучитьИзменяемыеПоля_(ExternalDataSourceTableObject.External_source_name.External_d__TRUNC_e169dc5f.md
objects/catalog125/catalog1972/object1973/methods/GetNewObjectRef4552.html	ВнешнийИсточникДанныхТаблицаОбъект.Имя_внешнего_источника.Имя_таблицы_внешнего_источника_данных.ПолучитьСсылкуНового_(ExternalDataSourceTableObject.External_source_name.External_dat__TRUNC_2bb54817.md
objects/catalog125/catalog1972/object1973/methods/GetTemplate4111.html	ВнешнийИсточникДанныхТаблицаОбъект.Имя_внешнего_источника.Имя_таблицы_внешнего_источника_данных.ПолучитьМакет_(ExternalDataSourceTableObject.External_source_name.External_data_sourc__TRUNC_354c028c.md
objects/catalog125/catalog1972/object1973/methods/IsLocked4547.html	ВнешнийИсточникДанныхТаблицаОбъект.Имя_внешнего_источника.Имя_таблицы_внешнего_источника_данных.Заблокирован_(ExternalDataSourceTableObject.External_source_name.External_data_source__TRUNC_f0a151c3.md
objects/catalog125/catalog1972/object1973/methods/Lock4548.html	ВнешнийИсточникДанныхТаблицаОбъект.Имя_внешнего_источника.Имя_таблицы_внешнего_источника_данных.Заблокировать_(ExternalDataSourceTableObject.External_source_name.External_data_sourc__TRUNC_15b60ec0.md
objects/catalog125/catalog1972/object1973/methods/Metadata4110.html	ВнешнийИсточникДанныхТаблицаОбъект.Имя_внешнего_источника.Имя_таблицы_внешнего_источника_данных.Метаданные_(ExternalDataSourceTableObject.External_source_name.External_data_source_t__TRUNC_9d74495d.md
objects/catalog125/catalog1972/object1973/methods/Modified4551.html	ВнешнийИсточникДанныхТаблицаОбъект.Имя_внешнего_источника.Имя_таблицы_внешнего_источника_данных.Модифицированность_(ExternalDataSourceTableObject.External_source_name.External_data___TRUNC_e3edc333.md
objects/catalog125/catalog1972/object1973/methods/SetChangeableFields4717.html	ВнешнийИсточникДанныхТаблицаОбъект.Имя_внешнего_источника.Имя_таблицы_внешнего_источника_данных.УстановитьИзменяемыеПоля_(ExternalDataSourceTableObject.External_source_name.External__TRUNC_54aedca5.md
objects/catalog125/catalog1972/object1973/methods/SetFieldsToWrite4718.html	ВнешнийИсточникДанныхТаблицаОбъект.Имя_внешнего_источника.Имя_таблицы_внешнего_источника_данных.УстановитьЗаписываемыеПоля_(ExternalDataSourceTableObject.External_source_name.Extern__TRUNC_6277889c.md
objects/catalog125/catalog1972/object1973/methods/SetNewObjectRef4557.html	ВнешнийИсточникДанныхТаблицаОбъект.Имя_внешнего_источника.Имя_таблицы_внешнего_источника_данных.УстановитьСсылкуНового_(ExternalDataSourceTableObject.External_source_name.External_d__TRUNC_7d87b2ce.md
objects/catalog125/catalog1972/object1973/methods/Unlock4554.html	ВнешнийИсточникДанныхТаблицаОбъект.Имя_внешнего_источника.Имя_таблицы_внешнего_источника_данных.Разблокировать_(ExternalDataSourceTableObject.External_source_name.External_data_sour__TRUNC_023c7c8e.md
objects/catalog125/catalog1972/object1973/properties/AdditionalProperties9210.html	ВнешнийИсточникДанныхТаблицаОбъект.Имя_внешнего_источника.Имя_таблицы_внешнего_источника_данных.ДополнительныеСвойства_(ExternalDataSourceTableObject.External_source_name.External_d__TRUNC_5538a0d2.md
objects/catalog125/catalog1972/object1973/properties/prop9207.html	ВнешнийИсточникДанныхТаблицаОбъект.Имя_внешнего_источника.Имя_таблицы_внешнего_источника_данных.Имя_поля_(ExternalDataSourceTableObject.External_source_name.External_data_source_tab__TRUNC_2308be31.md
objects/catalog125/catalog1972/object1973/properties/ThisObject9209.html	ВнешнийИсточникДанныхТаблицаОбъект.Имя_внешнего_источника.Имя_таблицы_внешнего_источника_данных.ЭтотОбъект_(ExternalDataSourceTableObject.External_source_name.External_data_source_t__TRUNC_6d60b3b4.md
