objects/catalog234/FixedArray.html	v8help://SyntaxHelperContext/objects/catalog125/catalog486/object491/properties/TrueEffectivePeriod2106.html
objects/catalog274/PictureLib.html	PictureLib/properties/ChooseFromList2817.html
objects/catalog274/PictureLib.html	PictureLib/properties/AddListItem2798.html
objects/catalog274/PictureLib.html	PictureLib/properties/ChangeListItem2801.html
objects/catalog274/PictureLib.html	PictureLib/properties/NewFolder2787.html
objects/catalog274/PictureLib.html	PictureLib/properties/DeleteListItem2800.html
objects/catalog274/PictureLib.html	PictureLib/properties/DeleteListItemDirectly2834.html
objects/catalog274/PictureLib.html	PictureLib/properties/SetListItemDeletionMark2836.html
objects/Global context/methods/catalog1762/GetAvailableTimeZones4018.html	v8help://SyntaxHelperContext/objects/Global context/methods/catalogmethods/GetAvailableCountries6192.html
objects/Global context/methods/catalog4870/ReadJSON4872.html	v8help://SyntaxHelperContext/.html
objects/Global context/methods/catalog4870/ReadJSON4872.html	v8help://SyntaxHelperContext/.html
objects/Global context/methods/catalog4870/WriteJSON4871.html	v8help://SyntaxHelperContext/.html
objects/Global context/methods/catalog8/SetExclusiveMode784.html	v8help://SyntaxHelperContext/.html
objects/Global context/events/catalog375/BeforeExit378.html	v8help://SyntaxHelperContext/.html
objects/Global context/events/catalog375/ErrorDisplayProcessing682.html	v8help://SyntaxHelperContext/objects/catalog63/ErrorInfo/methods/ShowErrorInfo5872.html
objects/catalog63/catalog1064/DataCompositionAppearance.html	v8help://SyntaxHelperContext/objects/catalog2/catalog277/TableCellMarkType.html
objects/catalog63/catalog2782/AvailableLicenseAcquisitionCountry.html	v8help://SyntaxHelperContext/objects/Global context/methods/catalogmethods/GetAvailableCountries6192.html
objects/catalog63/catalog578/InternetProxy/ctors/ctor50.html	v8help://SyntaxHelperContext/.html
objects/catalog63/catalog565/XMLStringProcessingManager/methods/FindDisallowedXMLCharacters6281.html	v8help://SyntaxHelperContext/objects/catalog63/catalog565/XMLStringProcessingManager//DeleteDisallowedXMLCharacters6255.html
objects/catalog63/catalog2758/Add-in object/methods/method4957.html	v8help://SyntaxHelperContext/.html
objects/catalog63/catalog247/ValueAppearance/methods/Clear5782.html	v8help://SyntaxHelperContext/.html
objects/catalog63/catalog2454/CollaborationSystemManager/methods/GetConversation5331.html	v8help://SyntaxHelperContext/objects/catalog63/catalog2454/CollaborationSystemManager/methods/GetConversationAsync6058.html
objects/catalog63/catalog2442/catalog766/InternetMailProfile/properties/POP3Authentication5795.html	v8help://SyntaxHelperContext/objects/catalog2/catalog2086/POP3AuthenticationMode/properties/General5792.html
objects/catalog63/catalog2442/catalog766/InternetMailProfile/properties/SMTPAuthentication5791.html	v8help://SyntaxHelperContext/objects/catalog2/catalog2086/SMTPAuthenticationMode/properties/None5786.html
objects/catalog63/catalog2269/PlannerItem/properties/DimensionValues10462.html	v8help://SyntaxHelperContext/objects/catalog63/catalog2269/PlannerDimensionItem/properties/Value10455.html
objects/catalog63/catalog2269/PlannerDimensionItemCollection/methods/Find4771.html	v8help://SyntaxHelperContext/objects/catalog63/catalog2269/PlannerDimensionItem/properties/Value10455.html
objects/catalog63/catalog2269/PlannerBackgroundInterval/properties/DimensionValues11148.html	v8help://SyntaxHelperContext/objects/catalog63/catalog2269/PlannerDimensionItem/properties/Value10455.html
objects/catalog63/catalog2042/ProcessingPicture/ctors/ctor289.html	v8help://SyntaxHelperContext/.html
objects/catalog63/catalog1925/CryptoManager/methods/BeginEncrypting4851.html	v8help://SyntaxHelperContext/.html
objects/catalog63/catalog1925/CryptoManager/methods/BeginEncrypting4851.html	v8help://SyntaxHelperContext/.html
objects/catalog63/catalog1925/CryptoManager/methods/BeginSigning4852.html	v8help://SyntaxHelperContext/.html
objects/catalog63/catalog1781/HTMLDocument/methods/FindByFilter5438.html	v8help://SyntaxHelperContext/objects/catalog230/SavingSettings.html
objects/catalog63/catalog1064/catalog1408/DataCompositionDetailsID.html	v8help://SyntaxHelperContext/objects/catalog63/catalog1064/catalog1408/DataCompositionDetailsProcessDescription/properties/ID8535.html
objects/catalog63/catalog1064/catalog1163/DataCompositionProcessor/methods/Initialize2518.html	v8help://SyntaxHelperContext/.html
objects/catalog213/catalog393/QueryResultColumn.html	v8help://SyntaxHelperContext/objects/catalog213/catalog393/QueryResultColumnsCollection/methods/IndexOf975.html
objects/catalog2/catalog2086/POP3AuthenticationMode.html	POP3AuthenticationMode/properties/APOP5793.html
objects/catalog2/catalog2086/POP3AuthenticationMode.html	POP3AuthenticationMode/properties/CramMD55794.html
objects/catalog2/catalog2086/POP3AuthenticationMode.html	POP3AuthenticationMode/properties/General5792.html
objects/catalog2/catalog2086/SMTPAuthenticationMode.html	SMTPAuthenticationMode/properties/CramMD55790.html
objects/catalog2/catalog2086/SMTPAuthenticationMode.html	SMTPAuthenticationMode/properties/Login5789.html
objects/catalog2/catalog2086/SMTPAuthenticationMode.html	SMTPAuthenticationMode/properties/Plain5788.html
objects/catalog2/catalog2086/SMTPAuthenticationMode.html	SMTPAuthenticationMode/properties/None5786.html
objects/catalog2/catalog2086/SMTPAuthenticationMode.html	SMTPAuthenticationMode/properties/Default5787.html
objects/catalog2/catalog2368/FTPSecureConnectionUsageLevel/properties/Auto10886.html	v8help://SyntaxHelperContext/.html
objects/catalog2/catalog2368/FTPSecureConnectionUsageLevel/properties/Auto10886.html	v8help://SyntaxHelperContext/.html
objects/catalog2/catalog2284/PlannerCommandSource/properties/DimensionItem12304.html	v8help://SyntaxHelperContext/.html
objects/catalog2/catalog2284/PlannerCommandSource/properties/DimensionItem12304.html	v8help://SyntaxHelperContext/.html
objects/catalog2/catalog2284/PlannerCommandSource/properties/DimensionItem13474.html	v8help://SyntaxHelperContext/.html
objects/catalog2/catalog2284/PlannerCommandSource/properties/DimensionItem13474.html	v8help://SyntaxHelperContext/.html
objects/catalog2/catalog2284/PlannerCommandSource/properties/EmptyItemsArea12305.html	v8help://SyntaxHelperContext/.html
objects/catalog2/catalog2284/PlannerCommandSource/properties/EmptyItemsArea12305.html	v8help://SyntaxHelperContext/.html
objects/catalog2/catalog2284/PlannerCommandSource/properties/EmptyItemsArea13473.html	v8help://SyntaxHelperContext/.html
objects/catalog2/catalog2284/PlannerCommandSource/properties/EmptyItemsArea13473.html	v8help://SyntaxHelperContext/.html
objects/catalog2/catalog2284/PlannerCommandSource/properties/Items12303.html	v8help://SyntaxHelperContext/.html
objects/catalog2/catalog2284/PlannerCommandSource/properties/Items13476.html	v8help://SyntaxHelperContext/.html
objects/catalog2/catalog2284/PlannerCommandSource/properties/TimeScaleItem12306.html	v8help://SyntaxHelperContext/.html
objects/catalog2/catalog2284/PlannerCommandSource/properties/TimeScaleItem13475.html	v8help://SyntaxHelperContext/.html
objects/catalog2/catalog2284/PlannerCommandSource/properties/WrappedTimeScaleHeaderArea12307.html	v8help://SyntaxHelperContext/.html
objects/catalog2/catalog2284/PlannerCommandSource/properties/WrappedTimeScaleHeaderArea13472.html	v8help://SyntaxHelperContext/.html
objects/catalog1649/catalog1890/ClientApplicationForm/events/BeforeClose330.html	v8help://SyntaxHelperContext/.html
objects/catalog1649/catalog1890/ClientApplicationForm/events/OnClose331.html	v8help://SyntaxHelperContext/.html
objects/catalog1649/catalog1890/ClientApplicationForm/formparams/ChoiceByAdding123.html	v8help://SyntaxHelperContext/.html
objects/catalog1649/catalog1890/ClientApplicationForm/methods/Close3488.html	v8help://SyntaxHelperContext/.html
objects/catalog1649/catalog1890/ClientApplicationForm/properties/FormWindowOpeningMode7517.html	v8help://SyntaxHelperContext/.html
objects/catalog1649/catalog1679/FormTable/properties/HierarchyPanelLocation13971.html	v8help://SyntaxHelperContext/objects/catalog2/catalog277/HierarchyPanelLocation/properties/Auto13973.html
objects/catalog1649/catalog1676/Form field extension for a text box/events/StartChoice517.html	v8help://SyntaxHelperContext/.html
objects/catalog1649/catalog1676/Form field extension for a planner/events/OnEditEnd610.html	v8help://SyntaxHelperContext/.html
objects/catalog1369/catalog1384/catalog1386/IClusterInfo/properties/PingTimeout13997.html	v8help://SyntaxHelperContext/objects/catalog63/catalog2843/BinaryDataExternalStorageManager/properties/Directory13855.html
objects/catalog125/catalog486/ActualActionPeriodItem.html	v8help://SyntaxHelperContext/objects/catalog125/catalog486/object491/properties/TrueEffectivePeriod2106.html
objects/catalog125/catalog486/object491.html	v8help://SyntaxHelperContext/objects/catalog125/catalog486/object490/properties/BegOfEffectivePeriod2118.html
objects/catalog125/catalog486/object491.html	v8help://SyntaxHelperContext/objects/catalog125/catalog486/object490/properties/EndOfEffectivePeriod2119.html
objects/catalog125/catalog486/object491.html	v8help://SyntaxHelperContext/objects/catalog125/catalog486/object491/properties/BegOfEffectivePeriod2059.html
objects/catalog125/catalog486/object491.html	v8help://SyntaxHelperContext/objects/catalog125/catalog486/object491/properties/EndOfEffectivePeriod2060.html
objects/catalog125/catalog486/object491/properties/ActionPeriod13025.html	v8help://SyntaxHelperContext/objects/catalog125/catalog486/object491/properties/BegOfEffectivePeriod2059.html
objects/catalog125/catalog486/object491/properties/BegOfActionPeriod13026.html	v8help://SyntaxHelperContext/objects/catalog125/catalog486/object491/properties/TrueEffectivePeriod2106.html
objects/catalog125/catalog486/object491/properties/BegOfActionPeriod13026.html	v8help://SyntaxHelperContext/objects/catalog125/catalog486/object491/properties/EndOfEffectivePeriod2060.html
objects/catalog125/catalog486/object491/properties/BegOfActionPeriod13026.html	v8help://SyntaxHelperContext/objects/catalog125/catalog486/object491/properties/EffectivePeriod2057.html
objects/catalog125/catalog486/object491/properties/EndOfActionPeriod13027.html	v8help://SyntaxHelperContext/objects/catalog125/catalog486/object491/properties/BegOfEffectivePeriod2059.html
objects/catalog125/catalog486/object490/properties/ActionPeriod13021.html	v8help://SyntaxHelperContext/objects/catalog125/catalog486/object490/properties/BegOfEffectivePeriod2118.html
objects/catalog125/catalog486/object490/properties/BegOfActionPeriod13022.html	v8help://SyntaxHelperContext/objects/catalog125/catalog486/object491/properties/EndOfEffectivePeriod2060.html
objects/catalog125/catalog486/object490/properties/BegOfActionPeriod13022.html	v8help://SyntaxHelperContext/objects/catalog125/catalog486/object491/properties/EffectivePeriod2057.html
objects/catalog125/catalog486/object490/properties/EndOfActionPeriod13023.html	v8help://SyntaxHelperContext/objects/catalog125/catalog486/object491/properties/BegOfEffectivePeriod2059.html
objects/catalog125/catalog1972/object1982/methods/BeginTransaction4542.html	v8help://SyntaxHelperContext/.html
ConnectionString	v8help://1cv8/ZIF1
def_Func	v8help://SyntaxHelperCommonLanguage/hints_params.html
def_Proc	v8help://SyntaxHelperCommonLanguage/hints_params.html
SavingSettings	v8help://SyntaxHelperContext/objects/catalog1649/catalog1890/ManagedForm/properties/PurposeUseKey8580.html
SavingSettings	v8help://SyntaxHelperContext/objects/catalog1649/catalog1890/ManagedForm/properties/PurposeUseKey8580.html
SavingSettings	v8help://SyntaxHelperContext/objects/catalog1649/catalog1890/ManagedForm/properties/PurposeUseKey8580.html
SavingSettings	v8help://SyntaxHelperContext/objects/catalog1649/catalog1890/ManagedForm/properties/PurposeUseKey8580.html
SavingSettings	v8help://SyntaxHelperContext/objects/catalog1649/catalog1890/ManagedForm/properties/PurposeUseKey8580.html
SavingSettings	v8help://SyntaxHelperContext/objects/catalog1649/catalog1890/ManagedForm/properties/PurposeUseKey8580.html
SavingSettings	v8help://SyntaxHelperContext/objects/catalog1649/catalog1890/ManagedForm/properties/PurposeUseKey8580.html
SavingSettings	v8help://SyntaxHelperContext/objects/catalog1649/catalog1890/ManagedForm/properties/PurposeUseKey8580.html
SavingSettings	v8help://SyntaxHelperContext/objects/catalog1649/catalog1890/ManagedForm/properties/PurposeUseKey8580.html
SavingSettings	v8help://SyntaxHelperContext/objects/catalog1649/catalog1890/ManagedForm/properties/PurposeUseKey8580.html
SavingSettings	v8help://SyntaxHelperContext/objects/catalog1649/catalog1890/ManagedForm/properties/PurposeUseKey8580.html
SavingSettings	v8help://SyntaxHelperContext/objects/catalog1649/catalog1890/ManagedForm/properties/PurposeUseKey8580.html
SavingSettings	v8help://SyntaxHelperContext/objects/catalog1649/catalog1920/StartPageSettings.html
SavingSettings	v8help://SyntaxHelperContext/objects/catalog1649/catalog1890/ManagedForm/properties/PurposeUseKey8580.html
SavingSettings	v8help://SyntaxHelperContext/objects/catalog1649/catalog1890/ManagedForm/properties/PurposeUseKey8580.html
SavingSettings	v8help://SyntaxHelperContext/objects/catalog63/catalog247/ChartsViewSettings
SavingSettings	v8help://SyntaxHelperContext/objects/catalog1649/catalog1920/HTMLDocumentFieldPrintSettings.html
struct_Raise	v8help://SyntaxHelperContext/objects/catalog63/ErrorInfo/properties/AdditionalInfo13089.html
